

Microchip MPLAB XC8 Assembler V2.31 build 20201012212115 
                                                                                               Wed Mar 03 18:03:07 2021

Microchip MPLAB XC8 C Compiler v2.31 (Free license) build 20201012212115 Og1 
     1                           	processor	18F27Q43
     2                           	fnconf	rparam,??,?,0
     3                           	pagewidth 120
     4                           	opt	flic
     5                           	psect	idataCOMRAM,global,class=CODE,delta=1,noexec
     6                           	psect	cinit,global,reloc=2,class=CODE,delta=1
     7                           	psect	bssCOMRAM,global,class=COMRAM,space=1,delta=1,lowdata,noexec
     8                           	psect	dataCOMRAM,global,class=COMRAM,space=1,delta=1,lowdata,noexec
     9                           	psect	cstackCOMRAM,global,class=COMRAM,space=1,delta=1,lowdata,noexec
    10                           	psect	text0,global,reloc=2,class=CODE,delta=1
    11                           	psect	text1,global,reloc=2,class=CODE,delta=1
    12                           	psect	text2,global,reloc=2,class=CODE,delta=1
    13                           	psect	text3,global,reloc=2,class=CODE,delta=1
    14                           	psect	text4,global,reloc=2,class=CODE,delta=1
    15                           	psect	text5,global,reloc=2,class=CODE,delta=1
    16                           	psect	text6,global,reloc=2,class=CODE,delta=1
    17                           	psect	text7,global,reloc=2,class=CODE,delta=1
    18                           	psect	intsave_regs,global,class=BIGRAM,space=1,delta=1,noexec
    19                           	psect	rparam,global,class=COMRAM,space=1,delta=1,noexec
    20                           	psect	idloc,global,abs,ovrld,class=IDLOC,space=5,delta=1,noexec
    21                           	psect	config,global,abs,ovrld,class=CONFIG,space=4,delta=1,noexec
    22  0000                     
    23                           ; Version 2.30
    24                           ; Generated 20/08/2020 GMT
    25                           ; 
    26                           ; Copyright © 2020, Microchip Technology Inc. and its subsidiaries ("Microchip")
    27                           ; All rights reserved.
    28                           ; 
    29                           ; This software is developed by Microchip Technology Inc. and its subsidiaries ("Microch
      +                          ip").
    30                           ; 
    31                           ; Redistribution and use in source and binary forms, with or without modification, are
    32                           ; permitted provided that the following conditions are met:
    33                           ; 
    34                           ;     1. Redistributions of source code must retain the above copyright notice, this lis
      +                          t of
    35                           ;        conditions and the following disclaimer.
    36                           ; 
    37                           ;     2. Redistributions in binary form must reproduce the above copyright notice, this 
      +                          list
    38                           ;        of conditions and the following disclaimer in the documentation and/or other
    39                           ;        materials provided with the distribution. Publication is not required when
    40                           ;        this file is used in an embedded application.
    41                           ; 
    42                           ;     3. Microchip's name may not be used to endorse or promote products derived from th
      +                          is
    43                           ;        software without specific prior written permission.
    44                           ; 
    45                           ; THIS SOFTWARE IS PROVIDED BY MICROCHIP "AS IS" AND ANY EXPRESS OR IMPLIED WARRANTIES,
    46                           ; INCLUDING, BUT NOT LIMITED TO, THE IMPLIED WARRANTIES OF MERCHANTABILITY AND FITNESS F
      +                          OR
    47                           ; PURPOSE ARE DISCLAIMED.  IN NO EVENT SHALL MICROCHIP BE LIABLE FOR ANY DIRECT, INDIREC
      +                          T,
    48                           ; INCIDENTAL, SPECIAL, EXEMPLARY, OR CONSEQUENTIAL DAMAGES (INCLUDING BUT NOT LIMITED TO
    49                           ; PROCUREMENT OF SUBSTITUTE GOODS OR SERVICES; LOSS OF USE, DATA OR PROFITS; OR BUSINESS
    50                           ; INTERRUPTION) HOWSOEVER CAUSED AND ON ANY THEORY OF LIABILITY, WHETHER IN CONTRACT, ST
      +                          RICT
    51                           ; LIABILITY, OR TORT (INCLUDING NEGLIGENCE OR OTHERWISE) ARISING IN ANY WAY OUT OF THE U
      +                          SE OF
    52                           ; THIS SOFTWARE, EVEN IF ADVISED OF THE POSSIBILITY OF SUCH DAMAGE.
    53                           ; 
    54                           ; 
    55                           ; Code-generator required, PIC18F27Q43 Definitions
    56                           ; 
    57                           ; SFR Addresses
    58  0000                     
    59                           	psect	idataCOMRAM
    60  01FEB1                     __pidataCOMRAM:
    61                           	callstack 0
    62                           
    63                           ;initializer for UserAppRun@F15926
    64  01FEB1  21                 	db	33
    65  01FEB2  12                 	db	18
    66  01FEB3  0C                 	db	12
    67  01FEB4  20                 	db	32
    68  01FEB5  10                 	db	16
    69  01FEB6  08                 	db	8
    70  01FEB7  01                 	db	1
    71  01FEB8  02                 	db	2
    72  01FEB9  04                 	db	4
    73  0000                     _TMR0L	set	792
    74  0000                     _TMR0H	set	793
    75  0000                     _T0CON1	set	795
    76  0000                     _T0CON0	set	794
    77  0000                     _ANSELA	set	1024
    78  0000                     _PIR3	set	1201
    79  0000                     _TRISA	set	1222
    80  0000                     _LATA	set	1214
    81                           
    82                           ; #config settings
    83                           
    84                           	psect	cinit
    85  01FF24                     __pcinit:
    86                           	callstack 0
    87  01FF24                     start_initialization:
    88                           	callstack 0
    89  01FF24                     __initialization:
    90                           	callstack 0
    91                           
    92                           ; Initialize objects allocated to COMRAM (9 bytes)
    93                           ; load TBLPTR registers with __pidataCOMRAM
    94  01FF24  0EB1               	movlw	low __pidataCOMRAM
    95  01FF26  6EF6               	movwf	tblptrl,c
    96  01FF28  0EFE               	movlw	high __pidataCOMRAM
    97  01FF2A  6EF7               	movwf	tblptrh,c
    98  01FF2C  0E01               	movlw	low (__pidataCOMRAM shr (0+16))
    99  01FF2E  6EF8               	movwf	tblptru,c
   100  01FF30  EE01  F111         	lfsr	0,__pdataCOMRAM
   101  01FF34  EE10 F009          	lfsr	1,9
   102  01FF38                     copy_data0:
   103  01FF38  0009               	tblrd		*+
   104  01FF3A  C4F5 F4EE          	movff	tablat,postinc0
   105  01FF3E  50E5               	movf	postdec1,w,c
   106  01FF40  50E1               	movf	fsr1l,w,c
   107  01FF42  E1FA               	bnz	copy_data0
   108                           
   109                           ; Clear objects allocated to COMRAM (16 bytes)
   110  01FF44  EE01  F101         	lfsr	0,__pbssCOMRAM
   111  01FF48  0E10               	movlw	16
   112  01FF4A                     clear_0:
   113  01FF4A  6AEE               	clrf	postinc0,c
   114  01FF4C  06E8               	decf	wreg,f,c
   115  01FF4E  E1FD               	bnz	clear_0
   116  01FF50                     end_of_initialization:
   117                           	callstack 0
   118  01FF50                     __end_of__initialization:
   119                           	callstack 0
   120  01FF50  0100               	movlb	0
   121  01FF52  EFAB  F0FF         	goto	_main	;jump to C main() function
   122                           
   123                           	psect	bssCOMRAM
   124  000501                     __pbssCOMRAM:
   125                           	callstack 0
   126  000501                     _G_u32SystemFlags:
   127                           	callstack 0
   128  000501                     	ds	4
   129  000505                     _G_u32SystemTime1s:
   130                           	callstack 0
   131  000505                     	ds	4
   132  000509                     _G_u32SystemTime1ms:
   133                           	callstack 0
   134  000509                     	ds	4
   135  00050D                     UserAppRun@u16counter:
   136                           	callstack 0
   137  00050D                     	ds	2
   138  00050F                     UserAppRun@u8counter:
   139                           	callstack 0
   140  00050F                     	ds	1
   141  000510                     _G_u8UserAppFlags:
   142                           	callstack 0
   143  000510                     	ds	1
   144                           
   145                           	psect	dataCOMRAM
   146  000511                     __pdataCOMRAM:
   147                           	callstack 0
   148  000511                     UserAppRun@F15926:
   149                           	callstack 0
   150  000511                     	ds	9
   151                           
   152                           	psect	cstackCOMRAM
   153  00051A                     __pcstackCOMRAM:
   154                           	callstack 0
   155  00051A                     TimeXus@u16TimeInput:
   156                           	callstack 0
   157  00051A                     UserAppRun@au8Pattern:
   158                           	callstack 0
   159                           
   160                           ; 9 bytes @ 0x0
   161  00051A                     	ds	2
   162  00051C                     TimeXus@u16TimeLeft:
   163                           	callstack 0
   164                           
   165                           ; 2 bytes @ 0x2
   166  00051C                     	ds	7
   167  000523                     
   168                           ; 1 bytes @ 0x9
   169 ;;
   170 ;;Main: autosize = 0, tempsize = 0, incstack = 0, save=0
   171 ;;
   172 ;; *************** function _main *****************
   173 ;; Defined at:
   174 ;;		line 35 in file "main.c"
   175 ;; Parameters:    Size  Location     Type
   176 ;;		None
   177 ;; Auto vars:     Size  Location     Type
   178 ;;		None
   179 ;; Return value:  Size  Location     Type
   180 ;;                  1    wreg      void 
   181 ;; Registers used:
   182 ;;		wreg, fsr1l, fsr1h, fsr2l, fsr2h, status,2, status,0, cstack
   183 ;; Tracked objects:
   184 ;;		On entry : 0/0
   185 ;;		On exit  : 0/0
   186 ;;		Unchanged: 0/0
   187 ;; Data sizes:     COMRAM   BANK5   BANK6   BANK7   BANK8   BANK9  BANK10  BANK11  BANK12  BANK13  BANK14  BANK15  BANK1
      +6  BANK17  BANK18  BANK19  BANK20  BANK21  BANK22  BANK23  BANK24  BANK25  BANK26  BANK27  BANK28  BANK29  BANK30  BANK3
      +1  BANK32  BANK33  BANK34  BANK35  BANK36  BANK37
   188 ;;      Params:         0       0       0       0       0       0       0       0       0       0       0       0       
      +0       0       0       0       0       0       0       0       0       0       0       0       0       0       0       
      +0       0       0       0       0       0       0
   189 ;;      Locals:         0       0       0       0       0       0       0       0       0       0       0       0       
      +0       0       0       0       0       0       0       0       0       0       0       0       0       0       0       
      +0       0       0       0       0       0       0
   190 ;;      Temps:          0       0       0       0       0       0       0       0       0       0       0       0       
      +0       0       0       0       0       0       0       0       0       0       0       0       0       0       0       
      +0       0       0       0       0       0       0
   191 ;;      Totals:         0       0       0       0       0       0       0       0       0       0       0       0       
      +0       0       0       0       0       0       0       0       0       0       0       0       0       0       0       
      +0       0       0       0       0       0       0
   192 ;;Total ram usage:        0 bytes
   193 ;; Hardware stack levels required when called:    1
   194 ;; This function calls:
   195 ;;		_ClockSetup
   196 ;;		_GpioSetup
   197 ;;		_SysTickSetup
   198 ;;		_SystemSleep
   199 ;;		_TimeXus
   200 ;;		_UserAppInitialize
   201 ;;		_UserAppRun
   202 ;; This function is called by:
   203 ;;		Startup code after reset
   204 ;; This function uses a non-reentrant model
   205 ;;
   206                           
   207                           	psect	text0
   208  01FF56                     __ptext0:
   209                           	callstack 0
   210  01FF56                     _main:
   211                           	callstack 127
   212  01FF56                     
   213                           ;main.c: 37:   G_u32SystemFlags |= (u32)0x80000000;
   214  01FF56  8E04               	bsf	(_G_u32SystemFlags+3)^(0+1280),7,c	;volatile
   215  01FF58                     
   216                           ;main.c: 40:   ClockSetup();
   217  01FF58  EC56  F0FF         	call	_ClockSetup	;wreg free
   218  01FF5C                     
   219                           ;main.c: 41:   SysTickSetup();
   220  01FF5C  EC6D  F0FF         	call	_SysTickSetup	;wreg free
   221  01FF60                     
   222                           ;main.c: 42:   GpioSetup();
   223  01FF60  EC5D  F0FF         	call	_GpioSetup	;wreg free
   224  01FF64                     
   225                           ;main.c: 47:   UserAppInitialize();
   226  01FF64  EC65  F0FF         	call	_UserAppInitialize	;wreg free
   227  01FF68                     l842:
   228                           
   229                           ;main.c: 53:   {;main.c: 57:     UserAppRun();
   230  01FF68  ECCD  F0FF         	call	_UserAppRun	;wreg free
   231  01FF6C                     
   232                           ;main.c: 61:     (LATA &= 0x7F);
   233  01FF6C  9EBE               	bcf	190,7,c	;volatile
   234  01FF6E                     
   235                           ;main.c: 62:     SystemSleep();
   236  01FF6E  EC57  F0FF         	call	_SystemSleep	;wreg free
   237  01FF72                     
   238                           ;main.c: 63:     TimeXus(1000);
   239  01FF72  0E03               	movlw	3
   240  01FF74  6E1B               	movwf	(TimeXus@u16TimeInput+1)^(0+1280),c
   241  01FF76  0EE8               	movlw	232
   242  01FF78  6E1A               	movwf	TimeXus@u16TimeInput^(0+1280),c
   243  01FF7A  EC7E  F0FF         	call	_TimeXus	;wreg free
   244  01FF7E                     l850:
   245                           
   246                           ;main.c: 65:     {;main.c: 66:         if(PIR3 == 0x80)
   247  01FF7E  0E80               	movlw	128
   248  01FF80  18B1               	xorwf	177,w,c	;volatile
   249  01FF82  A4D8               	btfss	status,2,c
   250  01FF84  EFC6  F0FF         	goto	u51
   251  01FF88  EFC8  F0FF         	goto	u50
   252  01FF8C                     u51:
   253  01FF8C  EFBF  F0FF         	goto	l850
   254  01FF90                     u50:
   255  01FF90                     
   256                           ;main.c: 71:     (LATA |= 0x80);
   257  01FF90  8EBE               	bsf	190,7,c	;volatile
   258  01FF92  EFB4  F0FF         	goto	l842
   259  01FF96  EFFE  F0FF         	goto	start
   260  01FF9A                     __end_of_main:
   261                           	callstack 0
   262                           
   263 ;; *************** function _UserAppRun *****************
   264 ;; Defined at:
   265 ;;		line 133 in file "user_app.c"
   266 ;; Parameters:    Size  Location     Type
   267 ;;		None
   268 ;; Auto vars:     Size  Location     Type
   269 ;;  au8Pattern      9    0[COMRAM] unsigned char [9]
   270 ;; Return value:  Size  Location     Type
   271 ;;                  1    wreg      void 
   272 ;; Registers used:
   273 ;;		wreg, fsr1l, fsr1h, fsr2l, fsr2h, status,2, status,0
   274 ;; Tracked objects:
   275 ;;		On entry : 0/0
   276 ;;		On exit  : 0/0
   277 ;;		Unchanged: 0/0
   278 ;; Data sizes:     COMRAM   BANK5   BANK6   BANK7   BANK8   BANK9  BANK10  BANK11  BANK12  BANK13  BANK14  BANK15  BANK1
      +6  BANK17  BANK18  BANK19  BANK20  BANK21  BANK22  BANK23  BANK24  BANK25  BANK26  BANK27  BANK28  BANK29  BANK30  BANK3
      +1  BANK32  BANK33  BANK34  BANK35  BANK36  BANK37
   279 ;;      Params:         0       0       0       0       0       0       0       0       0       0       0       0       
      +0       0       0       0       0       0       0       0       0       0       0       0       0       0       0       
      +0       0       0       0       0       0       0
   280 ;;      Locals:         9       0       0       0       0       0       0       0       0       0       0       0       
      +0       0       0       0       0       0       0       0       0       0       0       0       0       0       0       
      +0       0       0       0       0       0       0
   281 ;;      Temps:          0       0       0       0       0       0       0       0       0       0       0       0       
      +0       0       0       0       0       0       0       0       0       0       0       0       0       0       0       
      +0       0       0       0       0       0       0
   282 ;;      Totals:         9       0       0       0       0       0       0       0       0       0       0       0       
      +0       0       0       0       0       0       0       0       0       0       0       0       0       0       0       
      +0       0       0       0       0       0       0
   283 ;;Total ram usage:        9 bytes
   284 ;; Hardware stack levels used:    1
   285 ;; This function calls:
   286 ;;		Nothing
   287 ;; This function is called by:
   288 ;;		_main
   289 ;; This function uses a non-reentrant model
   290 ;;
   291                           
   292                           	psect	text1
   293  01FF9A                     __ptext1:
   294                           	callstack 0
   295  01FF9A                     _UserAppRun:
   296                           	callstack 127
   297  01FF9A                     
   298                           ;user_app.c: 135:     static u16 u16counter = 0x0000;;user_app.c: 136:     u8 au8Pattern
      +                          [9] = { 0x21, 0x12, 0x0C, 0x20, 0x10, 0x08, 0x01, 0x02, 0x04 };
   299  01FF9A  EE21  F111         	lfsr	2,UserAppRun@F15926
   300  01FF9E  EE11  F11A         	lfsr	1,UserAppRun@au8Pattern
   301  01FFA2  0E08               	movlw	8
   302  01FFA4                     u11:
   303  01FFA4  C4DB F4E3          	movff	plusw2,plusw1
   304  01FFA8  06E8               	decf	wreg,f,c
   305  01FFAA  E2FC               	bc	u11
   306  01FFAC                     
   307                           ;user_app.c: 137:     static u8 u8counter = 0x00;;user_app.c: 138:     if(u16counter < 0
      +                          x01F4)
   308  01FFAC  0EF4               	movlw	244
   309  01FFAE  5C0D               	subwf	UserAppRun@u16counter^(0+1280),w,c
   310  01FFB0  0E01               	movlw	1
   311  01FFB2  580E               	subwfb	(UserAppRun@u16counter+1)^(0+1280),w,c
   312  01FFB4  B0D8               	btfsc	status,0,c
   313  01FFB6  EFDF  F0FF         	goto	u21
   314  01FFBA  EFE1  F0FF         	goto	u20
   315  01FFBE                     u21:
   316  01FFBE  EFE5  F0FF         	goto	l778
   317  01FFC2                     u20:
   318  01FFC2                     
   319                           ;user_app.c: 139:     {;user_app.c: 140:         u16counter += 0x0001;
   320  01FFC2  4A0D               	infsnz	UserAppRun@u16counter^(0+1280),f,c
   321  01FFC4  2A0E               	incf	(UserAppRun@u16counter+1)^(0+1280),f,c
   322                           
   323                           ;user_app.c: 141:     }
   324  01FFC6  EFFD  F0FF         	goto	l90
   325  01FFCA                     l778:
   326                           
   327                           ;user_app.c: 143:     {;user_app.c: 144:         LATA = au8Pattern[u8counter];
   328  01FFCA  0E1A               	movlw	low UserAppRun@au8Pattern
   329  01FFCC  240F               	addwf	UserAppRun@u8counter^(0+1280),w,c
   330  01FFCE  6ED9               	movwf	fsr2l,c
   331  01FFD0  6ADA               	clrf	fsr2h,c
   332  01FFD2  0E05               	movlw	high UserAppRun@au8Pattern
   333  01FFD4  22DA               	addwfc	fsr2h,f,c
   334  01FFD6  50DF               	movf	indf2,w,c
   335  01FFD8  6EBE               	movwf	190,c	;volatile
   336  01FFDA                     
   337                           ;user_app.c: 145:         u8counter += 0x01;
   338  01FFDA  2A0F               	incf	UserAppRun@u8counter^(0+1280),f,c
   339  01FFDC                     
   340                           ;user_app.c: 146:         if(u8counter == 0x09)
   341  01FFDC  0E09               	movlw	9
   342  01FFDE  180F               	xorwf	UserAppRun@u8counter^(0+1280),w,c
   343  01FFE0  A4D8               	btfss	status,2,c
   344  01FFE2  EFF5  F0FF         	goto	u31
   345  01FFE6  EFF7  F0FF         	goto	u30
   346  01FFEA                     u31:
   347  01FFEA  EFF9  F0FF         	goto	l89
   348  01FFEE                     u30:
   349  01FFEE                     
   350                           ;user_app.c: 147:         {;user_app.c: 148:             u8counter = 0x00;
   351  01FFEE  0E00               	movlw	0
   352  01FFF0  6E0F               	movwf	UserAppRun@u8counter^(0+1280),c
   353  01FFF2                     l89:
   354                           
   355                           ;user_app.c: 150:         u16counter = 0x0000;
   356  01FFF2  0E00               	movlw	0
   357  01FFF4  6E0E               	movwf	(UserAppRun@u16counter+1)^(0+1280),c
   358  01FFF6  0E00               	movlw	0
   359  01FFF8  6E0D               	movwf	UserAppRun@u16counter^(0+1280),c
   360  01FFFA                     l90:
   361  01FFFA  0012               	return		;funcret
   362  01FFFC                     __end_of_UserAppRun:
   363                           	callstack 0
   364                           
   365 ;; *************** function _UserAppInitialize *****************
   366 ;; Defined at:
   367 ;;		line 76 in file "user_app.c"
   368 ;; Parameters:    Size  Location     Type
   369 ;;		None
   370 ;; Auto vars:     Size  Location     Type
   371 ;;		None
   372 ;; Return value:  Size  Location     Type
   373 ;;                  1    wreg      void 
   374 ;; Registers used:
   375 ;;		wreg, status,2
   376 ;; Tracked objects:
   377 ;;		On entry : 0/0
   378 ;;		On exit  : 0/0
   379 ;;		Unchanged: 0/0
   380 ;; Data sizes:     COMRAM   BANK5   BANK6   BANK7   BANK8   BANK9  BANK10  BANK11  BANK12  BANK13  BANK14  BANK15  BANK1
      +6  BANK17  BANK18  BANK19  BANK20  BANK21  BANK22  BANK23  BANK24  BANK25  BANK26  BANK27  BANK28  BANK29  BANK30  BANK3
      +1  BANK32  BANK33  BANK34  BANK35  BANK36  BANK37
   381 ;;      Params:         0       0       0       0       0       0       0       0       0       0       0       0       
      +0       0       0       0       0       0       0       0       0       0       0       0       0       0       0       
      +0       0       0       0       0       0       0
   382 ;;      Locals:         0       0       0       0       0       0       0       0       0       0       0       0       
      +0       0       0       0       0       0       0       0       0       0       0       0       0       0       0       
      +0       0       0       0       0       0       0
   383 ;;      Temps:          0       0       0       0       0       0       0       0       0       0       0       0       
      +0       0       0       0       0       0       0       0       0       0       0       0       0       0       0       
      +0       0       0       0       0       0       0
   384 ;;      Totals:         0       0       0       0       0       0       0       0       0       0       0       0       
      +0       0       0       0       0       0       0       0       0       0       0       0       0       0       0       
      +0       0       0       0       0       0       0
   385 ;;Total ram usage:        0 bytes
   386 ;; Hardware stack levels used:    1
   387 ;; This function calls:
   388 ;;		Nothing
   389 ;; This function is called by:
   390 ;;		_main
   391 ;; This function uses a non-reentrant model
   392 ;;
   393                           
   394                           	psect	text2
   395  01FECA                     __ptext2:
   396                           	callstack 0
   397  01FECA                     _UserAppInitialize:
   398                           	callstack 127
   399  01FECA                     
   400                           ;user_app.c: 79:     LATA = 0x80;
   401  01FECA  0E80               	movlw	128
   402  01FECC  6EBE               	movwf	190,c	;volatile
   403                           
   404                           ;user_app.c: 83:     T0CON0 = 0x90;
   405  01FECE  0E90               	movlw	144
   406  01FED0  0103               	movlb	3	; () banked
   407  01FED2  6F1A               	movwf	26,b	;volatile
   408                           
   409                           ;user_app.c: 84:     T0CON1 = 0x54;
   410  01FED4  0E54               	movlw	84
   411  01FED6  6F1B               	movwf	27,b	;volatile
   412  01FED8                     
   413                           ; BSR set to: 3
   414  01FED8  0012               	return		;funcret
   415  01FEDA                     __end_of_UserAppInitialize:
   416                           	callstack 0
   417                           
   418 ;; *************** function _TimeXus *****************
   419 ;; Defined at:
   420 ;;		line 105 in file "user_app.c"
   421 ;; Parameters:    Size  Location     Type
   422 ;;  u16TimeInput    2    0[COMRAM] unsigned short 
   423 ;; Auto vars:     Size  Location     Type
   424 ;;  u16TimeLeft     2    2[COMRAM] unsigned short 
   425 ;; Return value:  Size  Location     Type
   426 ;;                  1    wreg      void 
   427 ;; Registers used:
   428 ;;		wreg, status,2, status,0
   429 ;; Tracked objects:
   430 ;;		On entry : 0/0
   431 ;;		On exit  : 0/0
   432 ;;		Unchanged: 0/0
   433 ;; Data sizes:     COMRAM   BANK5   BANK6   BANK7   BANK8   BANK9  BANK10  BANK11  BANK12  BANK13  BANK14  BANK15  BANK1
      +6  BANK17  BANK18  BANK19  BANK20  BANK21  BANK22  BANK23  BANK24  BANK25  BANK26  BANK27  BANK28  BANK29  BANK30  BANK3
      +1  BANK32  BANK33  BANK34  BANK35  BANK36  BANK37
   434 ;;      Params:         2       0       0       0       0       0       0       0       0       0       0       0       
      +0       0       0       0       0       0       0       0       0       0       0       0       0       0       0       
      +0       0       0       0       0       0       0
   435 ;;      Locals:         2       0       0       0       0       0       0       0       0       0       0       0       
      +0       0       0       0       0       0       0       0       0       0       0       0       0       0       0       
      +0       0       0       0       0       0       0
   436 ;;      Temps:          0       0       0       0       0       0       0       0       0       0       0       0       
      +0       0       0       0       0       0       0       0       0       0       0       0       0       0       0       
      +0       0       0       0       0       0       0
   437 ;;      Totals:         4       0       0       0       0       0       0       0       0       0       0       0       
      +0       0       0       0       0       0       0       0       0       0       0       0       0       0       0       
      +0       0       0       0       0       0       0
   438 ;;Total ram usage:        4 bytes
   439 ;; Hardware stack levels used:    1
   440 ;; This function calls:
   441 ;;		Nothing
   442 ;; This function is called by:
   443 ;;		_main
   444 ;; This function uses a non-reentrant model
   445 ;;
   446                           
   447                           	psect	text3
   448  01FEFC                     __ptext3:
   449                           	callstack 0
   450  01FEFC                     _TimeXus:
   451                           	callstack 127
   452  01FEFC                     
   453                           ;user_app.c: 105: void TimeXus(u16 u16TimeInput);user_app.c: 106: {;user_app.c: 108:    
      +                           T0CON0 = T0CON0 & 0x7F;
   454  01FEFC  0103               	movlb	3	; () banked
   455  01FEFE  511A               	movf	26,w,b	;volatile
   456  01FF00  0B7F               	andlw	127
   457  01FF02  6F1A               	movwf	26,b	;volatile
   458                           
   459                           ;user_app.c: 111:     u16 u16TimeLeft = 0xFFFF - u16TimeInput;
   460  01FF04  1C1A               	comf	TimeXus@u16TimeInput^(0+1280),w,c
   461  01FF06  6E1C               	movwf	TimeXus@u16TimeLeft^(0+1280),c
   462  01FF08  1C1B               	comf	(TimeXus@u16TimeInput+1)^(0+1280),w,c
   463  01FF0A  6E1D               	movwf	(TimeXus@u16TimeLeft+1)^(0+1280),c
   464  01FF0C                     
   465                           ; BSR set to: 3
   466                           ;user_app.c: 112:     TMR0H = u16TimeLeft >> 8;
   467  01FF0C  501D               	movf	(TimeXus@u16TimeLeft+1)^(0+1280),w,c
   468  01FF0E  6F19               	movwf	25,b	;volatile
   469  01FF10                     
   470                           ; BSR set to: 3
   471                           ;user_app.c: 113:     TMR0L = u16TimeLeft & 0x0F;
   472  01FF10  501C               	movf	TimeXus@u16TimeLeft^(0+1280),w,c
   473  01FF12  0B0F               	andlw	15
   474  01FF14  6F18               	movwf	24,b	;volatile
   475  01FF16                     
   476                           ; BSR set to: 3
   477                           ;user_app.c: 117:     PIR3 = PIR3 & 0x7F;
   478  01FF16  50B1               	movf	177,w,c	;volatile
   479  01FF18  0B7F               	andlw	127
   480  01FF1A  6EB1               	movwf	177,c	;volatile
   481  01FF1C                     
   482                           ; BSR set to: 3
   483                           ;user_app.c: 118:     T0CON0 = T0CON0 + 0x80;
   484  01FF1C  511A               	movf	26,w,b	;volatile
   485  01FF1E  0F80               	addlw	128
   486  01FF20  6F1A               	movwf	26,b	;volatile
   487  01FF22                     
   488                           ; BSR set to: 3
   489  01FF22  0012               	return		;funcret
   490  01FF24                     __end_of_TimeXus:
   491                           	callstack 0
   492                           
   493 ;; *************** function _SystemSleep *****************
   494 ;; Defined at:
   495 ;;		line 132 in file "encm369_pic18.c"
   496 ;; Parameters:    Size  Location     Type
   497 ;;		None
   498 ;; Auto vars:     Size  Location     Type
   499 ;;		None
   500 ;; Return value:  Size  Location     Type
   501 ;;                  1    wreg      void 
   502 ;; Registers used:
   503 ;;		None
   504 ;; Tracked objects:
   505 ;;		On entry : 0/0
   506 ;;		On exit  : 0/0
   507 ;;		Unchanged: 0/0
   508 ;; Data sizes:     COMRAM   BANK5   BANK6   BANK7   BANK8   BANK9  BANK10  BANK11  BANK12  BANK13  BANK14  BANK15  BANK1
      +6  BANK17  BANK18  BANK19  BANK20  BANK21  BANK22  BANK23  BANK24  BANK25  BANK26  BANK27  BANK28  BANK29  BANK30  BANK3
      +1  BANK32  BANK33  BANK34  BANK35  BANK36  BANK37
   509 ;;      Params:         0       0       0       0       0       0       0       0       0       0       0       0       
      +0       0       0       0       0       0       0       0       0       0       0       0       0       0       0       
      +0       0       0       0       0       0       0
   510 ;;      Locals:         0       0       0       0       0       0       0       0       0       0       0       0       
      +0       0       0       0       0       0       0       0       0       0       0       0       0       0       0       
      +0       0       0       0       0       0       0
   511 ;;      Temps:          0       0       0       0       0       0       0       0       0       0       0       0       
      +0       0       0       0       0       0       0       0       0       0       0       0       0       0       0       
      +0       0       0       0       0       0       0
   512 ;;      Totals:         0       0       0       0       0       0       0       0       0       0       0       0       
      +0       0       0       0       0       0       0       0       0       0       0       0       0       0       0       
      +0       0       0       0       0       0       0
   513 ;;Total ram usage:        0 bytes
   514 ;; Hardware stack levels used:    1
   515 ;; This function calls:
   516 ;;		Nothing
   517 ;; This function is called by:
   518 ;;		_main
   519 ;; This function uses a non-reentrant model
   520 ;;
   521                           
   522                           	psect	text4
   523  01FEAE                     __ptext4:
   524                           	callstack 0
   525  01FEAE                     _SystemSleep:
   526                           	callstack 127
   527  01FEAE  0012               	return		;funcret
   528  01FEB0                     __end_of_SystemSleep:
   529                           	callstack 0
   530                           
   531 ;; *************** function _SysTickSetup *****************
   532 ;; Defined at:
   533 ;;		line 110 in file "encm369_pic18.c"
   534 ;; Parameters:    Size  Location     Type
   535 ;;		None
   536 ;; Auto vars:     Size  Location     Type
   537 ;;		None
   538 ;; Return value:  Size  Location     Type
   539 ;;                  1    wreg      void 
   540 ;; Registers used:
   541 ;;		wreg, status,2
   542 ;; Tracked objects:
   543 ;;		On entry : 0/0
   544 ;;		On exit  : 0/0
   545 ;;		Unchanged: 0/0
   546 ;; Data sizes:     COMRAM   BANK5   BANK6   BANK7   BANK8   BANK9  BANK10  BANK11  BANK12  BANK13  BANK14  BANK15  BANK1
      +6  BANK17  BANK18  BANK19  BANK20  BANK21  BANK22  BANK23  BANK24  BANK25  BANK26  BANK27  BANK28  BANK29  BANK30  BANK3
      +1  BANK32  BANK33  BANK34  BANK35  BANK36  BANK37
   547 ;;      Params:         0       0       0       0       0       0       0       0       0       0       0       0       
      +0       0       0       0       0       0       0       0       0       0       0       0       0       0       0       
      +0       0       0       0       0       0       0
   548 ;;      Locals:         0       0       0       0       0       0       0       0       0       0       0       0       
      +0       0       0       0       0       0       0       0       0       0       0       0       0       0       0       
      +0       0       0       0       0       0       0
   549 ;;      Temps:          0       0       0       0       0       0       0       0       0       0       0       0       
      +0       0       0       0       0       0       0       0       0       0       0       0       0       0       0       
      +0       0       0       0       0       0       0
   550 ;;      Totals:         0       0       0       0       0       0       0       0       0       0       0       0       
      +0       0       0       0       0       0       0       0       0       0       0       0       0       0       0       
      +0       0       0       0       0       0       0
   551 ;;Total ram usage:        0 bytes
   552 ;; Hardware stack levels used:    1
   553 ;; This function calls:
   554 ;;		Nothing
   555 ;; This function is called by:
   556 ;;		_main
   557 ;; This function uses a non-reentrant model
   558 ;;
   559                           
   560                           	psect	text5
   561  01FEDA                     __ptext5:
   562                           	callstack 0
   563  01FEDA                     _SysTickSetup:
   564                           	callstack 127
   565  01FEDA                     
   566                           ;encm369_pic18.c: 112:   G_u32SystemTime1ms = 0;
   567  01FEDA  0E00               	movlw	0
   568  01FEDC  6E09               	movwf	_G_u32SystemTime1ms^(0+1280),c	;volatile
   569  01FEDE  0E00               	movlw	0
   570  01FEE0  6E0A               	movwf	(_G_u32SystemTime1ms+1)^(0+1280),c	;volatile
   571  01FEE2  0E00               	movlw	0
   572  01FEE4  6E0B               	movwf	(_G_u32SystemTime1ms+2)^(0+1280),c	;volatile
   573  01FEE6  0E00               	movlw	0
   574  01FEE8  6E0C               	movwf	(_G_u32SystemTime1ms+3)^(0+1280),c	;volatile
   575                           
   576                           ;encm369_pic18.c: 113:   G_u32SystemTime1s = 0;
   577  01FEEA  0E00               	movlw	0
   578  01FEEC  6E05               	movwf	_G_u32SystemTime1s^(0+1280),c	;volatile
   579  01FEEE  0E00               	movlw	0
   580  01FEF0  6E06               	movwf	(_G_u32SystemTime1s+1)^(0+1280),c	;volatile
   581  01FEF2  0E00               	movlw	0
   582  01FEF4  6E07               	movwf	(_G_u32SystemTime1s+2)^(0+1280),c	;volatile
   583  01FEF6  0E00               	movlw	0
   584  01FEF8  6E08               	movwf	(_G_u32SystemTime1s+3)^(0+1280),c	;volatile
   585  01FEFA  0012               	return		;funcret
   586  01FEFC                     __end_of_SysTickSetup:
   587                           	callstack 0
   588                           
   589 ;; *************** function _GpioSetup *****************
   590 ;; Defined at:
   591 ;;		line 89 in file "encm369_pic18.c"
   592 ;; Parameters:    Size  Location     Type
   593 ;;		None
   594 ;; Auto vars:     Size  Location     Type
   595 ;;		None
   596 ;; Return value:  Size  Location     Type
   597 ;;                  1    wreg      void 
   598 ;; Registers used:
   599 ;;		wreg, status,2
   600 ;; Tracked objects:
   601 ;;		On entry : 0/0
   602 ;;		On exit  : 0/0
   603 ;;		Unchanged: 0/0
   604 ;; Data sizes:     COMRAM   BANK5   BANK6   BANK7   BANK8   BANK9  BANK10  BANK11  BANK12  BANK13  BANK14  BANK15  BANK1
      +6  BANK17  BANK18  BANK19  BANK20  BANK21  BANK22  BANK23  BANK24  BANK25  BANK26  BANK27  BANK28  BANK29  BANK30  BANK3
      +1  BANK32  BANK33  BANK34  BANK35  BANK36  BANK37
   605 ;;      Params:         0       0       0       0       0       0       0       0       0       0       0       0       
      +0       0       0       0       0       0       0       0       0       0       0       0       0       0       0       
      +0       0       0       0       0       0       0
   606 ;;      Locals:         0       0       0       0       0       0       0       0       0       0       0       0       
      +0       0       0       0       0       0       0       0       0       0       0       0       0       0       0       
      +0       0       0       0       0       0       0
   607 ;;      Temps:          0       0       0       0       0       0       0       0       0       0       0       0       
      +0       0       0       0       0       0       0       0       0       0       0       0       0       0       0       
      +0       0       0       0       0       0       0
   608 ;;      Totals:         0       0       0       0       0       0       0       0       0       0       0       0       
      +0       0       0       0       0       0       0       0       0       0       0       0       0       0       0       
      +0       0       0       0       0       0       0
   609 ;;Total ram usage:        0 bytes
   610 ;; Hardware stack levels used:    1
   611 ;; This function calls:
   612 ;;		Nothing
   613 ;; This function is called by:
   614 ;;		_main
   615 ;; This function uses a non-reentrant model
   616 ;;
   617                           
   618                           	psect	text6
   619  01FEBA                     __ptext6:
   620                           	callstack 0
   621  01FEBA                     _GpioSetup:
   622                           	callstack 127
   623  01FEBA                     
   624                           ;encm369_pic18.c: 91:     LATA = 0x00;
   625  01FEBA  0E00               	movlw	0
   626  01FEBC  6EBE               	movwf	190,c	;volatile
   627                           
   628                           ;encm369_pic18.c: 92:     TRISA = 0x00;
   629  01FEBE  0E00               	movlw	0
   630  01FEC0  6EC6               	movwf	198,c	;volatile
   631                           
   632                           ;encm369_pic18.c: 93:     ANSELA = 0x00;
   633  01FEC2  0E00               	movlw	0
   634  01FEC4  0104               	movlb	4	; () banked
   635  01FEC6  6F00               	movwf	0,b	;volatile
   636  01FEC8                     
   637                           ; BSR set to: 4
   638  01FEC8  0012               	return		;funcret
   639  01FECA                     __end_of_GpioSetup:
   640                           	callstack 0
   641                           
   642 ;; *************** function _ClockSetup *****************
   643 ;; Defined at:
   644 ;;		line 70 in file "encm369_pic18.c"
   645 ;; Parameters:    Size  Location     Type
   646 ;;		None
   647 ;; Auto vars:     Size  Location     Type
   648 ;;		None
   649 ;; Return value:  Size  Location     Type
   650 ;;                  1    wreg      void 
   651 ;; Registers used:
   652 ;;		None
   653 ;; Tracked objects:
   654 ;;		On entry : 0/0
   655 ;;		On exit  : 0/0
   656 ;;		Unchanged: 0/0
   657 ;; Data sizes:     COMRAM   BANK5   BANK6   BANK7   BANK8   BANK9  BANK10  BANK11  BANK12  BANK13  BANK14  BANK15  BANK1
      +6  BANK17  BANK18  BANK19  BANK20  BANK21  BANK22  BANK23  BANK24  BANK25  BANK26  BANK27  BANK28  BANK29  BANK30  BANK3
      +1  BANK32  BANK33  BANK34  BANK35  BANK36  BANK37
   658 ;;      Params:         0       0       0       0       0       0       0       0       0       0       0       0       
      +0       0       0       0       0       0       0       0       0       0       0       0       0       0       0       
      +0       0       0       0       0       0       0
   659 ;;      Locals:         0       0       0       0       0       0       0       0       0       0       0       0       
      +0       0       0       0       0       0       0       0       0       0       0       0       0       0       0       
      +0       0       0       0       0       0       0
   660 ;;      Temps:          0       0       0       0       0       0       0       0       0       0       0       0       
      +0       0       0       0       0       0       0       0       0       0       0       0       0       0       0       
      +0       0       0       0       0       0       0
   661 ;;      Totals:         0       0       0       0       0       0       0       0       0       0       0       0       
      +0       0       0       0       0       0       0       0       0       0       0       0       0       0       0       
      +0       0       0       0       0       0       0
   662 ;;Total ram usage:        0 bytes
   663 ;; Hardware stack levels used:    1
   664 ;; This function calls:
   665 ;;		Nothing
   666 ;; This function is called by:
   667 ;;		_main
   668 ;; This function uses a non-reentrant model
   669 ;;
   670                           
   671                           	psect	text7
   672  01FEAC                     __ptext7:
   673                           	callstack 0
   674  01FEAC                     _ClockSetup:
   675                           	callstack 127
   676  01FEAC  0012               	return		;funcret
   677  01FEAE                     __end_of_ClockSetup:
   678                           	callstack 0
   679  0000                     
   680                           	psect	rparam
   681  0000                     
   682                           	psect	idloc
   683                           
   684                           ;Config register IDLOC0 @ 0x200000
   685                           ;	unspecified, using default values
   686  200000                     	org	2097152
   687  200000  0FFF               	dw	4095
   688                           
   689                           ;Config register IDLOC1 @ 0x200002
   690                           ;	unspecified, using default values
   691  200002                     	org	2097154
   692  200002  0FFF               	dw	4095
   693                           
   694                           ;Config register IDLOC2 @ 0x200004
   695                           ;	unspecified, using default values
   696  200004                     	org	2097156
   697  200004  0FFF               	dw	4095
   698                           
   699                           ;Config register IDLOC3 @ 0x200006
   700                           ;	unspecified, using default values
   701  200006                     	org	2097158
   702  200006  0FFF               	dw	4095
   703                           
   704                           ;Config register IDLOC4 @ 0x200008
   705                           ;	unspecified, using default values
   706  200008                     	org	2097160
   707  200008  0FFF               	dw	4095
   708                           
   709                           ;Config register IDLOC5 @ 0x20000A
   710                           ;	unspecified, using default values
   711  20000A                     	org	2097162
   712  20000A  0FFF               	dw	4095
   713                           
   714                           ;Config register IDLOC6 @ 0x20000C
   715                           ;	unspecified, using default values
   716  20000C                     	org	2097164
   717  20000C  0FFF               	dw	4095
   718                           
   719                           ;Config register IDLOC7 @ 0x20000E
   720                           ;	unspecified, using default values
   721  20000E                     	org	2097166
   722  20000E  0FFF               	dw	4095
   723                           
   724                           ;Config register IDLOC8 @ 0x200010
   725                           ;	unspecified, using default values
   726  200010                     	org	2097168
   727  200010  0FFF               	dw	4095
   728                           
   729                           ;Config register IDLOC9 @ 0x200012
   730                           ;	unspecified, using default values
   731  200012                     	org	2097170
   732  200012  0FFF               	dw	4095
   733                           
   734                           ;Config register IDLOC10 @ 0x200014
   735                           ;	unspecified, using default values
   736  200014                     	org	2097172
   737  200014  0FFF               	dw	4095
   738                           
   739                           ;Config register IDLOC11 @ 0x200016
   740                           ;	unspecified, using default values
   741  200016                     	org	2097174
   742  200016  0FFF               	dw	4095
   743                           
   744                           ;Config register IDLOC12 @ 0x200018
   745                           ;	unspecified, using default values
   746  200018                     	org	2097176
   747  200018  0FFF               	dw	4095
   748                           
   749                           ;Config register IDLOC13 @ 0x20001A
   750                           ;	unspecified, using default values
   751  20001A                     	org	2097178
   752  20001A  0FFF               	dw	4095
   753                           
   754                           ;Config register IDLOC14 @ 0x20001C
   755                           ;	unspecified, using default values
   756  20001C                     	org	2097180
   757  20001C  0FFF               	dw	4095
   758                           
   759                           ;Config register IDLOC15 @ 0x20001E
   760                           ;	unspecified, using default values
   761  20001E                     	org	2097182
   762  20001E  0FFF               	dw	4095
   763                           
   764                           	psect	config
   765                           
   766                           ;Config register CONFIG1 @ 0x300000
   767                           ;	External Oscillator Selection
   768                           ;	FEXTOSC = OFF, Oscillator not enabled
   769                           ;	Reset Oscillator Selection
   770                           ;	RSTOSC = HFINTOSC_64MHZ, HFINTOSC with HFFRQ = 64 MHz and CDIV = 1:1
   771  300000                     	org	3145728
   772  300000  8C                 	db	140
   773                           
   774                           ;Config register CONFIG2 @ 0x300001
   775                           ;	Clock out Enable bit
   776                           ;	CLKOUTEN = ON, CLKOUT function is enabled
   777                           ;	PRLOCKED One-Way Set Enable bit
   778                           ;	PR1WAY = ON, PRLOCKED bit can be cleared and set only once
   779                           ;	Clock Switch Enable bit
   780                           ;	CSWEN = ON, Writing to NOSC and NDIV is allowed
   781                           ;	Fail-Safe Clock Monitor Enable bit
   782                           ;	FCMEN = ON, Fail-Safe Clock Monitor enabled
   783  300001                     	org	3145729
   784  300001  FE                 	db	254
   785                           
   786                           ;Config register CONFIG3 @ 0x300002
   787                           ;	MCLR Enable bit
   788                           ;	MCLRE = EXTMCLR, If LVP = 0, MCLR pin is MCLR; If LVP = 1, RE3 pin function is MCLR
   789                           ;	Power-up timer selection bits
   790                           ;	PWRTS = PWRT_OFF, PWRT is disabled
   791                           ;	Multi-vector enable bit
   792                           ;	MVECEN = ON, Multi-vector enabled, Vector table used for interrupts
   793                           ;	IVTLOCK bit One-way set enable bit
   794                           ;	IVT1WAY = ON, IVTLOCKED bit can be cleared and set only once
   795                           ;	Low Power BOR Enable bit
   796                           ;	LPBOREN = OFF, Low-Power BOR disabled
   797                           ;	Brown-out Reset Enable bits
   798                           ;	BOREN = SBORDIS, Brown-out Reset enabled , SBOREN bit is ignored
   799  300002                     	org	3145730
   800  300002  FF                 	db	255
   801                           
   802                           ;Config register CONFIG4 @ 0x300003
   803                           ;	Brown-out Reset Voltage Selection bits
   804                           ;	BORV = VBOR_2P85, Brown-out Reset Voltage (VBOR) set to 2.8V
   805                           ;	ZCD Disable bit
   806                           ;	ZCD = OFF, ZCD module is disabled. ZCD can be enabled by setting the ZCDSEN bit of ZCD
      +                          CON
   807                           ;	PPSLOCK bit One-Way Set Enable bit
   808                           ;	PPS1WAY = ON, PPSLOCKED bit can be cleared and set only once; PPS registers remain loc
      +                          ked after one clear/set cycle
   809                           ;	Stack Full/Underflow Reset Enable bit
   810                           ;	STVREN = ON, Stack full/underflow will cause Reset
   811                           ;	Low Voltage Programming Enable bit
   812                           ;	LVP = ON, Low voltage programming enabled. MCLR/VPP pin function is MCLR. MCLRE config
      +                          uration bit is ignored
   813                           ;	Extended Instruction Set Enable bit
   814                           ;	XINST = OFF, Extended Instruction Set and Indexed Addressing Mode disabled
   815  300003                     	org	3145731
   816  300003  FC                 	db	252
   817                           
   818                           ;Config register CONFIG5 @ 0x300004
   819                           ;	WDT Period selection bits
   820                           ;	WDTCPS = WDTCPS_31, Divider ratio 1:65536; software control of WDTPS
   821                           ;	WDT operating mode
   822                           ;	WDTE = OFF, WDT Disabled; SWDTEN is ignored
   823  300004                     	org	3145732
   824  300004  9F                 	db	159
   825                           
   826                           ;Config register CONFIG6 @ 0x300005
   827                           ;	WDT Window Select bits
   828                           ;	WDTCWS = WDTCWS_7, window always open (100%); software control; keyed access not requi
      +                          red
   829                           ;	WDT input clock selector
   830                           ;	WDTCCS = SC, Software Control
   831  300005                     	org	3145733
   832  300005  FF                 	db	255
   833                           
   834                           ;Config register CONFIG7 @ 0x300006
   835                           ;	Boot Block Size selection bits
   836                           ;	BBSIZE = BBSIZE_512, Boot Block size is 512 words
   837                           ;	Boot Block enable bit
   838                           ;	BBEN = OFF, Boot block disabled
   839                           ;	Storage Area Flash enable bit
   840                           ;	SAFEN = OFF, SAF disabled
   841                           ;	Background Debugger
   842                           ;	DEBUG = OFF, Background Debugger disabled
   843  300006                     	org	3145734
   844  300006  FF                 	db	255
   845                           
   846                           ;Config register CONFIG8 @ 0x300007
   847                           ;	Boot Block Write Protection bit
   848                           ;	WRTB = OFF, Boot Block not Write protected
   849                           ;	Configuration Register Write Protection bit
   850                           ;	WRTC = OFF, Configuration registers not Write protected
   851                           ;	Data EEPROM Write Protection bit
   852                           ;	WRTD = OFF, Data EEPROM not Write protected
   853                           ;	SAF Write protection bit
   854                           ;	WRTSAF = OFF, SAF not Write Protected
   855                           ;	Application Block write protection bit
   856                           ;	WRTAPP = OFF, Application Block not write protected
   857  300007                     	org	3145735
   858  300007  FF                 	db	255
   859                           
   860                           ; Padding undefined space
   861  300008                     	org	3145736
   862  300008  FF                 	db	255
   863                           
   864                           ;Config register CONFIG10 @ 0x300009
   865                           ;	PFM and Data EEPROM Code Protection bit
   866                           ;	CP = OFF, PFM and Data EEPROM code protection disabled
   867  300009                     	org	3145737
   868  300009  FF                 	db	255
   869                           tosu	equ	0x4FF
   870                           tosh	equ	0x4FE
   871                           tosl	equ	0x4FD
   872                           stkptr	equ	0x4FC
   873                           pclatu	equ	0x4FB
   874                           pclath	equ	0x4FA
   875                           pcl	equ	0x4F9
   876                           tblptru	equ	0x4F8
   877                           tblptrh	equ	0x4F7
   878                           tblptrl	equ	0x4F6
   879                           tablat	equ	0x4F5
   880                           prodh	equ	0x4F4
   881                           prodl	equ	0x4F3
   882                           indf0	equ	0x4EF
   883                           postinc0	equ	0x4EE
   884                           postdec0	equ	0x4ED
   885                           preinc0	equ	0x4EC
   886                           plusw0	equ	0x4EB
   887                           fsr0h	equ	0x4EA
   888                           fsr0l	equ	0x4E9
   889                           wreg	equ	0x4E8
   890                           indf1	equ	0x4E7
   891                           postinc1	equ	0x4E6
   892                           postdec1	equ	0x4E5
   893                           preinc1	equ	0x4E4
   894                           plusw1	equ	0x4E3
   895                           fsr1h	equ	0x4E2
   896                           fsr1l	equ	0x4E1
   897                           bsr	equ	0x4E0
   898                           indf2	equ	0x4DF
   899                           postinc2	equ	0x4DE
   900                           postdec2	equ	0x4DD
   901                           preinc2	equ	0x4DC
   902                           plusw2	equ	0x4DB
   903                           fsr2h	equ	0x4DA
   904                           fsr2l	equ	0x4D9
   905                           status	equ	0x4D8

Data Sizes:
    Strings     0
    Constant    0
    Data        9
    BSS         16
    Persistent  0
    Stack       0

Auto Spaces:
    Space          Size  Autos    Used
    COMRAM           95      9      34
    BANK5           160      0       0
    BANK6           256      0       0
    BANK7           256      0       0
    BANK8           256      0       0
    BANK9           256      0       0
    BANK10          256      0       0
    BANK11          256      0       0
    BANK12          256      0       0
    BANK13          256      0       0
    BANK14          256      0       0
    BANK15          256      0       0
    BANK16          256      0       0
    BANK17          256      0       0
    BANK18          256      0       0
    BANK19          256      0       0
    BANK20          256      0       0
    BANK21          256      0       0
    BANK22          256      0       0
    BANK23          256      0       0
    BANK24          256      0       0
    BANK25          256      0       0
    BANK26          256      0       0
    BANK27          256      0       0
    BANK28          256      0       0
    BANK29          256      0       0
    BANK30          256      0       0
    BANK31          256      0       0
    BANK32          256      0       0
    BANK33          256      0       0
    BANK34          256      0       0
    BANK35          256      0       0
    BANK36          256      0       0
    BANK37          256      0       0

Pointer List with Targets:

    None.

Critical Paths under _main in COMRAM

    _main->_UserAppRun

Critical Paths under _main in BANK5

    None.

Critical Paths under _main in BANK6

    None.

Critical Paths under _main in BANK7

    None.

Critical Paths under _main in BANK8

    None.

Critical Paths under _main in BANK9

    None.

Critical Paths under _main in BANK10

    None.

Critical Paths under _main in BANK11

    None.

Critical Paths under _main in BANK12

    None.

Critical Paths under _main in BANK13

    None.

Critical Paths under _main in BANK14

    None.

Critical Paths under _main in BANK15

    None.

Critical Paths under _main in BANK16

    None.

Critical Paths under _main in BANK17

    None.

Critical Paths under _main in BANK18

    None.

Critical Paths under _main in BANK19

    None.

Critical Paths under _main in BANK20

    None.

Critical Paths under _main in BANK21

    None.

Critical Paths under _main in BANK22

    None.

Critical Paths under _main in BANK23

    None.

Critical Paths under _main in BANK24

    None.

Critical Paths under _main in BANK25

    None.

Critical Paths under _main in BANK26

    None.

Critical Paths under _main in BANK27

    None.

Critical Paths under _main in BANK28

    None.

Critical Paths under _main in BANK29

    None.

Critical Paths under _main in BANK30

    None.

Critical Paths under _main in BANK31

    None.

Critical Paths under _main in BANK32

    None.

Critical Paths under _main in BANK33

    None.

Critical Paths under _main in BANK34

    None.

Critical Paths under _main in BANK35

    None.

Critical Paths under _main in BANK36

    None.

Critical Paths under _main in BANK37

    None.

Call Graph Tables:

 ---------------------------------------------------------------------------------
 (Depth) Function   	        Calls       Base Space   Used Autos Params    Refs
 ---------------------------------------------------------------------------------
 (0) _main                                                 0     0      0     158
                         _ClockSetup
                          _GpioSetup
                       _SysTickSetup
                        _SystemSleep
                            _TimeXus
                  _UserAppInitialize
                         _UserAppRun
 ---------------------------------------------------------------------------------
 (1) _UserAppRun                                           9     9      0      15
                                              0 COMRAM     9     9      0
 ---------------------------------------------------------------------------------
 (1) _UserAppInitialize                                    0     0      0       0
 ---------------------------------------------------------------------------------
 (1) _TimeXus                                              4     2      2     143
                                              0 COMRAM     4     2      2
 ---------------------------------------------------------------------------------
 (1) _SystemSleep                                          0     0      0       0
 ---------------------------------------------------------------------------------
 (1) _SysTickSetup                                         0     0      0       0
 ---------------------------------------------------------------------------------
 (1) _GpioSetup                                            0     0      0       0
 ---------------------------------------------------------------------------------
 (1) _ClockSetup                                           0     0      0       0
 ---------------------------------------------------------------------------------
 Estimated maximum stack depth 1
 ---------------------------------------------------------------------------------

 Call Graph Graphs:

 _main (ROOT)
   _ClockSetup
   _GpioSetup
   _SysTickSetup
   _SystemSleep
   _TimeXus
   _UserAppInitialize
   _UserAppRun

 Address spaces:
Name               Size   Autos  Total    Cost      Usage
BIGRAM            20FF      0       0      71        0.0%
EEDATA             400      0       0       0        0.0%
BITBANK37          100      0       0      70        0.0%
BANK37             100      0       0      68        0.0%
BITBANK36          100      0       0      66        0.0%
BANK36             100      0       0      67        0.0%
BITBANK35          100      0       0      64        0.0%
BANK35             100      0       0      65        0.0%
BITBANK34          100      0       0      62        0.0%
BANK34             100      0       0      63        0.0%
BITBANK33          100      0       0      60        0.0%
BANK33             100      0       0      61        0.0%
BITBANK32          100      0       0      58        0.0%
BANK32             100      0       0      59        0.0%
BITBANK31          100      0       0      56        0.0%
BANK31             100      0       0      57        0.0%
BITBANK30          100      0       0      54        0.0%
BANK30             100      0       0      55        0.0%
BITBANK29          100      0       0      52        0.0%
BANK29             100      0       0      53        0.0%
BITBANK28          100      0       0      50        0.0%
BANK28             100      0       0      51        0.0%
BITBANK27          100      0       0      48        0.0%
BANK27             100      0       0      49        0.0%
BITBANK26          100      0       0      46        0.0%
BANK26             100      0       0      47        0.0%
BITBANK25          100      0       0      44        0.0%
BANK25             100      0       0      45        0.0%
BITBANK24          100      0       0      42        0.0%
BANK24             100      0       0      43        0.0%
BITBANK23          100      0       0      40        0.0%
BANK23             100      0       0      41        0.0%
BITBANK22          100      0       0      38        0.0%
BANK22             100      0       0      39        0.0%
BITBANK21          100      0       0      36        0.0%
BANK21             100      0       0      37        0.0%
BITBANK20          100      0       0      34        0.0%
BANK20             100      0       0      35        0.0%
BITBANK19          100      0       0      32        0.0%
BANK19             100      0       0      33        0.0%
BITBANK18          100      0       0      30        0.0%
BANK18             100      0       0      31        0.0%
BITBANK17          100      0       0      28        0.0%
BANK17             100      0       0      29        0.0%
BITBANK16          100      0       0      26        0.0%
BANK16             100      0       0      27        0.0%
BITBANK15          100      0       0      24        0.0%
BANK15             100      0       0      25        0.0%
BITBANK14          100      0       0      22        0.0%
BANK14             100      0       0      23        0.0%
BITBANK13          100      0       0      20        0.0%
BANK13             100      0       0      21        0.0%
BITBANK12          100      0       0      18        0.0%
BANK12             100      0       0      19        0.0%
BITBANK11          100      0       0      16        0.0%
BANK11             100      0       0      17        0.0%
BITBANK10          100      0       0      14        0.0%
BANK10             100      0       0      15        0.0%
BITBANK9           100      0       0      12        0.0%
BANK9              100      0       0      13        0.0%
BITBANK8           100      0       0      10        0.0%
BANK8              100      0       0      11        0.0%
BITBANK7           100      0       0       8        0.0%
BANK7              100      0       0       9        0.0%
BITBANK6           100      0       0       6        0.0%
BANK6              100      0       0       7        0.0%
BITBANK5            A0      0       0       4        0.0%
BANK5               A0      0       0       5        0.0%
BITCOMRAM           5F      0       0       0        0.0%
COMRAM              5F      9      22       1       35.8%
BITSFR_5             0      0       0     200        0.0%
SFR_5                0      0       0     200        0.0%
BITSFR_4             0      0       0     200        0.0%
SFR_4                0      0       0     200        0.0%
BITSFR_3             0      0       0     200        0.0%
SFR_3                0      0       0     200        0.0%
BITSFR_2             0      0       0     200        0.0%
SFR_2                0      0       0     200        0.0%
BITSFR_1             0      0       0     200        0.0%
SFR_1                0      0       0     200        0.0%
BITSFR               0      0       0     200        0.0%
SFR                  0      0       0     200        0.0%
STACK                0      0       0       2        0.0%
NULL                 0      0       0       0        0.0%
ABS                  0      0      22      69        0.0%
DATA                 0      0      22       3        0.0%
CODE                 0      0       0       0        0.0%


Microchip Technology PIC18 Macro Assembler V2.31 build 20201012212115 
Symbol Table                                                                                   Wed Mar 03 18:03:07 2021

     __size_of_SysTickSetup 0022                          l13 FEAC                          l22 FEAE  
                        l16 FEC8                          l19 FEFA                          l90 FFFA  
                        l75 FED8                          l78 FF22                          l89 FFF2  
                        u11 FFA4                          u20 FFC2                          u21 FFBE  
                        u30 FFEE                          u31 FFEA                          u50 FF90  
                        u51 FF8C                         l820 FEDA                         l830 FF1C  
                       l822 FEFC                         l824 FF0C                         l840 FF64  
                       l832 FF56                         l826 FF10                         l770 FECA  
                       l850 FF7E                         l842 FF68                         l834 FF58  
                       l828 FF16                         l780 FFDA                         l772 FF9A  
                       l844 FF6C                         l836 FF5C                         l766 FEBA  
                       l782 FFDC                         l774 FFAC                         l854 FF90  
                       l846 FF6E                         l838 FF60                         l784 FFEE  
                       l776 FFC2                         l848 FF72                         l778 FFCA  
                       wreg 0004E8                        _LATA 0004BE                        _PIR3 0004B1  
                      _main FF56                _SysTickSetup FEDA                        indf2 0004DF  
                      fsr1l 0004E1                        fsr2l 0004D9                        start FFFC  
      __size_of_SystemSleep 0002                ___param_bank 000000                  _ClockSetup FEAC  
           __end_of_TimeXus FF24                       ?_main 051A                       _TMR0H 000319  
                     _TMR0L 000318                       _TRISA 0004C6                       tablat 0004F5  
                     plusw1 0004E3                       plusw2 0004DB                       status 0004D8  
           __initialization FF24                __end_of_main FF9A                      ??_main 0523  
             __activetblptr 000000                      _ANSELA 000400                      _T0CON0 00031A  
                    _T0CON1 00031B          __size_of_GpioSetup 0010                   ??_TimeXus 051C  
               ?_ClockSetup 051A                      clear_0 FF4A                __pdataCOMRAM 0511  
                    tblptrh 0004F7                      tblptrl 0004F6                      tblptru 0004F8  
                _UserAppRun FF9A                  __accesstop 0560     __end_of__initialization FF50  
             ___rparam_used 000001            _G_u8UserAppFlags 0510              __pcstackCOMRAM 051A  
         __end_of_GpioSetup FECA         __size_of_ClockSetup 0002                 ?_UserAppRun 051A  
             ??_SystemSleep 051A                     __Hparam 0000                     __Lparam 0000  
                   _TimeXus FEFC                     __pcinit FF24                     __ramtop 2600  
                   __ptext0 FF56                     __ptext1 FF9A                     __ptext2 FECA  
                   __ptext3 FEFC                     __ptext4 FEAE                     __ptext5 FEDA  
                   __ptext6 FEBA                     __ptext7 FEAC        end_of_initialization FF50  
          _G_u32SystemFlags 0501                     postdec1 0004E5                     postinc0 0004EE  
       __end_of_SystemSleep FEB0                ??_ClockSetup 051A         __size_of_UserAppRun 0062  
        __end_of_ClockSetup FEAE               __pidataCOMRAM FEB1        UserAppRun@u16counter 050D  
                 _GpioSetup FEBA         start_initialization FF24               ?_SysTickSetup 051A  
               _SystemSleep FEAE                  ?_GpioSetup 051A                 __pbssCOMRAM 0501  
         _UserAppInitialize FECA                ??_UserAppRun 051A        UserAppRun@au8Pattern 051A  
        ?_UserAppInitialize 051A              ??_SysTickSetup 051A         ??_UserAppInitialize 051A  
                  ?_TimeXus 051A          __end_of_UserAppRun FFFC   __end_of_UserAppInitialize FEDA  
               ??_GpioSetup 051A                   copy_data0 FF38                    __Hrparam 0000  
                  __Lrparam 0000            __size_of_TimeXus 0028            UserAppRun@F15926 0511  
      __end_of_SysTickSetup FEFC  __size_of_UserAppInitialize 0010         UserAppRun@u8counter 050F  
             __size_of_main 0044                ?_SystemSleep 051A          _G_u32SystemTime1ms 0509  
       TimeXus@u16TimeInput 051A           _G_u32SystemTime1s 0505          TimeXus@u16TimeLeft 051C  
