

Microchip MPLAB XC8 Assembler V2.31 build 20201012212115 
                                                                                               Wed Mar 31 15:18:45 2021

Microchip MPLAB XC8 C Compiler v2.31 (Free license) build 20201012212115 Og1 
     1                           	processor	18F27Q43
     2                           	fnconf	rparam,??,?,0
     3                           	pagewidth 120
     4                           	opt	flic
     5                           	psect	idataBANK6,global,class=CODE,delta=1,noexec
     6                           	psect	cinit,global,reloc=2,class=CODE,delta=1
     7                           	psect	bssCOMRAM,global,class=COMRAM,space=1,delta=1,lowdata,noexec
     8                           	psect	dataBANK6,global,class=BANK6,space=1,delta=1,lowdata,noexec
     9                           	psect	cstackCOMRAM,global,class=COMRAM,space=1,delta=1,lowdata,noexec
    10                           	psect	text0,global,reloc=2,class=CODE,delta=1
    11                           	psect	text1,global,reloc=2,class=CODE,delta=1
    12                           	psect	text2,global,reloc=2,class=CODE,delta=1
    13                           	psect	text3,global,reloc=2,class=CODE,delta=1
    14                           	psect	text4,global,reloc=2,class=CODE,delta=1
    15                           	psect	text5,global,reloc=2,class=CODE,delta=1
    16                           	psect	text6,global,reloc=2,class=CODE,delta=1
    17                           	psect	text7,global,reloc=2,class=CODE,delta=1
    18                           	psect	intsave_regs,global,class=BIGRAM,space=1,delta=1,noexec
    19                           	psect	rparam,global,class=COMRAM,space=1,delta=1,noexec
    20                           	psect	idloc,global,abs,ovrld,class=IDLOC,space=5,delta=1,noexec
    21                           	psect	config,global,abs,ovrld,class=CONFIG,space=4,delta=1,noexec
    22  0000                     
    23                           ; Version 2.30
    24                           ; Generated 20/08/2020 GMT
    25                           ; 
    26                           ; Copyright © 2020, Microchip Technology Inc. and its subsidiaries ("Microchip")
    27                           ; All rights reserved.
    28                           ; 
    29                           ; This software is developed by Microchip Technology Inc. and its subsidiaries ("Microch
      +                          ip").
    30                           ; 
    31                           ; Redistribution and use in source and binary forms, with or without modification, are
    32                           ; permitted provided that the following conditions are met:
    33                           ; 
    34                           ;     1. Redistributions of source code must retain the above copyright notice, this lis
      +                          t of
    35                           ;        conditions and the following disclaimer.
    36                           ; 
    37                           ;     2. Redistributions in binary form must reproduce the above copyright notice, this 
      +                          list
    38                           ;        of conditions and the following disclaimer in the documentation and/or other
    39                           ;        materials provided with the distribution. Publication is not required when
    40                           ;        this file is used in an embedded application.
    41                           ; 
    42                           ;     3. Microchip's name may not be used to endorse or promote products derived from th
      +                          is
    43                           ;        software without specific prior written permission.
    44                           ; 
    45                           ; THIS SOFTWARE IS PROVIDED BY MICROCHIP "AS IS" AND ANY EXPRESS OR IMPLIED WARRANTIES,
    46                           ; INCLUDING, BUT NOT LIMITED TO, THE IMPLIED WARRANTIES OF MERCHANTABILITY AND FITNESS F
      +                          OR
    47                           ; PURPOSE ARE DISCLAIMED.  IN NO EVENT SHALL MICROCHIP BE LIABLE FOR ANY DIRECT, INDIREC
      +                          T,
    48                           ; INCIDENTAL, SPECIAL, EXEMPLARY, OR CONSEQUENTIAL DAMAGES (INCLUDING BUT NOT LIMITED TO
    49                           ; PROCUREMENT OF SUBSTITUTE GOODS OR SERVICES; LOSS OF USE, DATA OR PROFITS; OR BUSINESS
    50                           ; INTERRUPTION) HOWSOEVER CAUSED AND ON ANY THEORY OF LIABILITY, WHETHER IN CONTRACT, ST
      +                          RICT
    51                           ; LIABILITY, OR TORT (INCLUDING NEGLIGENCE OR OTHERWISE) ARISING IN ANY WAY OUT OF THE U
      +                          SE OF
    52                           ; THIS SOFTWARE, EVEN IF ADVISED OF THE POSSIBILITY OF SUCH DAMAGE.
    53                           ; 
    54                           ; 
    55                           ; Code-generator required, PIC18F27Q43 Definitions
    56                           ; 
    57                           ; SFR Addresses
    58  0000                     
    59                           	psect	idataBANK6
    60  01FEFC                     __pidataBANK6:
    61                           	callstack 0
    62                           
    63                           ;initializer for _UserApp_au8sinTable
    64  01FEFC  80                 	db	128
    65  01FEFD  83                 	db	131
    66  01FEFE  86                 	db	134
    67  01FEFF  89                 	db	137
    68  01FF00  8C                 	db	140
    69  01FF01  8F                 	db	143
    70  01FF02  92                 	db	146
    71  01FF03  95                 	db	149
    72  01FF04  98                 	db	152
    73  01FF05  9B                 	db	155
    74  01FF06  9E                 	db	158
    75  01FF07  A2                 	db	162
    76  01FF08  A5                 	db	165
    77  01FF09  A7                 	db	167
    78  01FF0A  AA                 	db	170
    79  01FF0B  AD                 	db	173
    80  01FF0C  B0                 	db	176
    81  01FF0D  B3                 	db	179
    82  01FF0E  B6                 	db	182
    83  01FF0F  B9                 	db	185
    84  01FF10  BC                 	db	188
    85  01FF11  BE                 	db	190
    86  01FF12  C1                 	db	193
    87  01FF13  C4                 	db	196
    88  01FF14  C6                 	db	198
    89  01FF15  C9                 	db	201
    90  01FF16  CB                 	db	203
    91  01FF17  CE                 	db	206
    92  01FF18  D0                 	db	208
    93  01FF19  D3                 	db	211
    94  01FF1A  D5                 	db	213
    95  01FF1B  D7                 	db	215
    96  01FF1C  DA                 	db	218
    97  01FF1D  DC                 	db	220
    98  01FF1E  DE                 	db	222
    99  01FF1F  E0                 	db	224
   100  01FF20  E2                 	db	226
   101  01FF21  E4                 	db	228
   102  01FF22  E6                 	db	230
   103  01FF23  E8                 	db	232
   104  01FF24  EA                 	db	234
   105  01FF25  EB                 	db	235
   106  01FF26  ED                 	db	237
   107  01FF27  EE                 	db	238
   108  01FF28  F0                 	db	240
   109  01FF29  F1                 	db	241
   110  01FF2A  F3                 	db	243
   111  01FF2B  F4                 	db	244
   112  01FF2C  F5                 	db	245
   113  01FF2D  F6                 	db	246
   114  01FF2E  F8                 	db	248
   115  01FF2F  F9                 	db	249
   116  01FF30  FA                 	db	250
   117  01FF31  FA                 	db	250
   118  01FF32  FB                 	db	251
   119  01FF33  FC                 	db	252
   120  01FF34  FD                 	db	253
   121  01FF35  FD                 	db	253
   122  01FF36  FE                 	db	254
   123  01FF37  FE                 	db	254
   124  01FF38  FE                 	db	254
   125  01FF39  FF                 	db	255
   126  01FF3A  FF                 	db	255
   127  01FF3B  FF                 	db	255
   128  01FF3C  FF                 	db	255
   129  01FF3D  FF                 	db	255
   130  01FF3E  FF                 	db	255
   131  01FF3F  FF                 	db	255
   132  01FF40  FE                 	db	254
   133  01FF41  FE                 	db	254
   134  01FF42  FE                 	db	254
   135  01FF43  FD                 	db	253
   136  01FF44  FD                 	db	253
   137  01FF45  FC                 	db	252
   138  01FF46  FB                 	db	251
   139  01FF47  FA                 	db	250
   140  01FF48  FA                 	db	250
   141  01FF49  F9                 	db	249
   142  01FF4A  F8                 	db	248
   143  01FF4B  F6                 	db	246
   144  01FF4C  F5                 	db	245
   145  01FF4D  F4                 	db	244
   146  01FF4E  F3                 	db	243
   147  01FF4F  F1                 	db	241
   148  01FF50  F0                 	db	240
   149  01FF51  EE                 	db	238
   150  01FF52  ED                 	db	237
   151  01FF53  EB                 	db	235
   152  01FF54  EA                 	db	234
   153  01FF55  E8                 	db	232
   154  01FF56  E6                 	db	230
   155  01FF57  E4                 	db	228
   156  01FF58  E2                 	db	226
   157  01FF59  E0                 	db	224
   158  01FF5A  DE                 	db	222
   159  01FF5B  DC                 	db	220
   160  01FF5C  DA                 	db	218
   161  01FF5D  D7                 	db	215
   162  01FF5E  D5                 	db	213
   163  01FF5F  D3                 	db	211
   164  01FF60  D0                 	db	208
   165  01FF61  CE                 	db	206
   166  01FF62  CB                 	db	203
   167  01FF63  C9                 	db	201
   168  01FF64  C6                 	db	198
   169  01FF65  C4                 	db	196
   170  01FF66  C1                 	db	193
   171  01FF67  BE                 	db	190
   172  01FF68  BC                 	db	188
   173  01FF69  B9                 	db	185
   174  01FF6A  B6                 	db	182
   175  01FF6B  B3                 	db	179
   176  01FF6C  B0                 	db	176
   177  01FF6D  AD                 	db	173
   178  01FF6E  AA                 	db	170
   179  01FF6F  A7                 	db	167
   180  01FF70  A5                 	db	165
   181  01FF71  A2                 	db	162
   182  01FF72  9E                 	db	158
   183  01FF73  9B                 	db	155
   184  01FF74  98                 	db	152
   185  01FF75  95                 	db	149
   186  01FF76  92                 	db	146
   187  01FF77  8F                 	db	143
   188  01FF78  8C                 	db	140
   189  01FF79  89                 	db	137
   190  01FF7A  86                 	db	134
   191  01FF7B  83                 	db	131
   192  01FF7C  80                 	db	128
   193  01FF7D  7C                 	db	124
   194  01FF7E  79                 	db	121
   195  01FF7F  76                 	db	118
   196  01FF80  73                 	db	115
   197  01FF81  70                 	db	112
   198  01FF82  6D                 	db	109
   199  01FF83  6A                 	db	106
   200  01FF84  67                 	db	103
   201  01FF85  64                 	db	100
   202  01FF86  61                 	db	97
   203  01FF87  5D                 	db	93
   204  01FF88  5A                 	db	90
   205  01FF89  58                 	db	88
   206  01FF8A  55                 	db	85
   207  01FF8B  52                 	db	82
   208  01FF8C  4F                 	db	79
   209  01FF8D  4C                 	db	76
   210  01FF8E  49                 	db	73
   211  01FF8F  46                 	db	70
   212  01FF90  43                 	db	67
   213  01FF91  41                 	db	65
   214  01FF92  3E                 	db	62
   215  01FF93  3B                 	db	59
   216  01FF94  39                 	db	57
   217  01FF95  36                 	db	54
   218  01FF96  34                 	db	52
   219  01FF97  31                 	db	49
   220  01FF98  2F                 	db	47
   221  01FF99  2C                 	db	44
   222  01FF9A  2A                 	db	42
   223  01FF9B  28                 	db	40
   224  01FF9C  25                 	db	37
   225  01FF9D  23                 	db	35
   226  01FF9E  21                 	db	33
   227  01FF9F  1F                 	db	31
   228  01FFA0  1D                 	db	29
   229  01FFA1  1B                 	db	27
   230  01FFA2  19                 	db	25
   231  01FFA3  17                 	db	23
   232  01FFA4  15                 	db	21
   233  01FFA5  14                 	db	20
   234  01FFA6  12                 	db	18
   235  01FFA7  11                 	db	17
   236  01FFA8  0F                 	db	15
   237  01FFA9  0E                 	db	14
   238  01FFAA  0C                 	db	12
   239  01FFAB  0B                 	db	11
   240  01FFAC  0A                 	db	10
   241  01FFAD  09                 	db	9
   242  01FFAE  07                 	db	7
   243  01FFAF  06                 	db	6
   244  01FFB0  05                 	db	5
   245  01FFB1  05                 	db	5
   246  01FFB2  04                 	db	4
   247  01FFB3  03                 	db	3
   248  01FFB4  02                 	db	2
   249  01FFB5  02                 	db	2
   250  01FFB6  01                 	db	1
   251  01FFB7  01                 	db	1
   252  01FFB8  01                 	db	1
   253  01FFB9  00                 	db	0
   254  01FFBA  00                 	db	0
   255  01FFBB  00                 	db	0
   256  01FFBC  00                 	db	0
   257  01FFBD  00                 	db	0
   258  01FFBE  00                 	db	0
   259  01FFBF  00                 	db	0
   260  01FFC0  01                 	db	1
   261  01FFC1  01                 	db	1
   262  01FFC2  01                 	db	1
   263  01FFC3  02                 	db	2
   264  01FFC4  02                 	db	2
   265  01FFC5  03                 	db	3
   266  01FFC6  04                 	db	4
   267  01FFC7  05                 	db	5
   268  01FFC8  05                 	db	5
   269  01FFC9  06                 	db	6
   270  01FFCA  07                 	db	7
   271  01FFCB  09                 	db	9
   272  01FFCC  0A                 	db	10
   273  01FFCD  0B                 	db	11
   274  01FFCE  0C                 	db	12
   275  01FFCF  0E                 	db	14
   276  01FFD0  0F                 	db	15
   277  01FFD1  11                 	db	17
   278  01FFD2  12                 	db	18
   279  01FFD3  14                 	db	20
   280  01FFD4  15                 	db	21
   281  01FFD5  17                 	db	23
   282  01FFD6  19                 	db	25
   283  01FFD7  1B                 	db	27
   284  01FFD8  1D                 	db	29
   285  01FFD9  1F                 	db	31
   286  01FFDA  21                 	db	33
   287  01FFDB  23                 	db	35
   288  01FFDC  25                 	db	37
   289  01FFDD  28                 	db	40
   290  01FFDE  2A                 	db	42
   291  01FFDF  2C                 	db	44
   292  01FFE0  2F                 	db	47
   293  01FFE1  31                 	db	49
   294  01FFE2  34                 	db	52
   295  01FFE3  36                 	db	54
   296  01FFE4  39                 	db	57
   297  01FFE5  3B                 	db	59
   298  01FFE6  3E                 	db	62
   299  01FFE7  41                 	db	65
   300  01FFE8  43                 	db	67
   301  01FFE9  46                 	db	70
   302  01FFEA  49                 	db	73
   303  01FFEB  4C                 	db	76
   304  01FFEC  4F                 	db	79
   305  01FFED  52                 	db	82
   306  01FFEE  55                 	db	85
   307  01FFEF  58                 	db	88
   308  01FFF0  5A                 	db	90
   309  01FFF1  5D                 	db	93
   310  01FFF2  61                 	db	97
   311  01FFF3  64                 	db	100
   312  01FFF4  67                 	db	103
   313  01FFF5  6A                 	db	106
   314  01FFF6  6D                 	db	109
   315  01FFF7  70                 	db	112
   316  01FFF8  73                 	db	115
   317  01FFF9  76                 	db	118
   318  01FFFA  79                 	db	121
   319  01FFFB  7C                 	db	124
   320  0000                     _DAC1DATL	set	125
   321  0000                     _DAC1CON	set	127
   322  0000                     _TMR0L	set	792
   323  0000                     _TMR0H	set	793
   324  0000                     _T0CON0bits	set	794
   325  0000                     _T0CON1	set	795
   326  0000                     _T0CON0	set	794
   327  0000                     _ANSELA	set	1024
   328  0000                     _PIR3bits	set	1201
   329  0000                     _LATA	set	1214
   330  0000                     _TRISA	set	1222
   331                           
   332                           ; #config settings
   333                           
   334                           	psect	cinit
   335  01FE86                     __pcinit:
   336                           	callstack 0
   337  01FE86                     start_initialization:
   338                           	callstack 0
   339  01FE86                     __initialization:
   340                           	callstack 0
   341                           
   342                           ; Initialize objects allocated to BANK6 (256 bytes)
   343                           ; load TBLPTR registers with __pidataBANK6
   344  01FE86  0EFC               	movlw	low __pidataBANK6
   345  01FE88  6EF6               	movwf	tblptrl,c
   346  01FE8A  0EFE               	movlw	high __pidataBANK6
   347  01FE8C  6EF7               	movwf	tblptrh,c
   348  01FE8E  0E01               	movlw	low (__pidataBANK6 shr (0+16))
   349  01FE90  6EF8               	movwf	tblptru,c
   350  01FE92  EE01  F200         	lfsr	0,__pdataBANK6
   351  01FE96  EE10 F100          	lfsr	1,256
   352  01FE9A                     copy_data0:
   353  01FE9A  0009               	tblrd		*+
   354  01FE9C  C4F5 F4EE          	movff	tablat,postinc0
   355  01FEA0  50E5               	movf	postdec1,w,c
   356  01FEA2  50E1               	movf	fsr1l,w,c
   357  01FEA4  E1FA               	bnz	copy_data0
   358  01FEA6  50E2               	movf	fsr1h,w,c
   359  01FEA8  E1F8               	bnz	copy_data0
   360                           
   361                           ; Clear objects allocated to COMRAM (14 bytes)
   362  01FEAA  EE01  F101         	lfsr	0,__pbssCOMRAM
   363  01FEAE  0E0E               	movlw	14
   364  01FEB0                     clear_0:
   365  01FEB0  6AEE               	clrf	postinc0,c
   366  01FEB2  06E8               	decf	wreg,f,c
   367  01FEB4  E1FD               	bnz	clear_0
   368  01FEB6                     end_of_initialization:
   369                           	callstack 0
   370  01FEB6                     __end_of__initialization:
   371                           	callstack 0
   372  01FEB6  0100               	movlb	0
   373  01FEB8  EF5E  F0FF         	goto	_main	;jump to C main() function
   374                           
   375                           	psect	bssCOMRAM
   376  000501                     __pbssCOMRAM:
   377                           	callstack 0
   378  000501                     _G_u32SystemFlags:
   379                           	callstack 0
   380  000501                     	ds	4
   381  000505                     _G_u32SystemTime1s:
   382                           	callstack 0
   383  000505                     	ds	4
   384  000509                     _G_u32SystemTime1ms:
   385                           	callstack 0
   386  000509                     	ds	4
   387  00050D                     UserAppRun@u8Index:
   388                           	callstack 0
   389  00050D                     	ds	1
   390  00050E                     _G_u8UserAppFlags:
   391                           	callstack 0
   392  00050E                     	ds	1
   393                           
   394                           	psect	dataBANK6
   395  000600                     __pdataBANK6:
   396                           	callstack 0
   397  000600                     _UserApp_au8sinTable:
   398                           	callstack 0
   399  000600                     	ds	256
   400                           
   401                           	psect	cstackCOMRAM
   402  00050F                     __pcstackCOMRAM:
   403                           	callstack 0
   404  00050F                     TimeXus@u16TimeInput:
   405                           	callstack 0
   406                           
   407                           ; 2 bytes @ 0x0
   408  00050F                     	ds	2
   409  000511                     TimeXus@u16TimeLeft:
   410                           	callstack 0
   411                           
   412                           ; 2 bytes @ 0x2
   413  000511                     	ds	2
   414  000513                     
   415                           ; 1 bytes @ 0x4
   416 ;;
   417 ;;Main: autosize = 0, tempsize = 0, incstack = 0, save=0
   418 ;;
   419 ;; *************** function _main *****************
   420 ;; Defined at:
   421 ;;		line 35 in file "main.c"
   422 ;; Parameters:    Size  Location     Type
   423 ;;		None
   424 ;; Auto vars:     Size  Location     Type
   425 ;;		None
   426 ;; Return value:  Size  Location     Type
   427 ;;                  1    wreg      void 
   428 ;; Registers used:
   429 ;;		wreg, fsr2l, fsr2h, status,2, status,0, cstack
   430 ;; Tracked objects:
   431 ;;		On entry : 0/0
   432 ;;		On exit  : 0/0
   433 ;;		Unchanged: 0/0
   434 ;; Data sizes:     COMRAM   BANK5   BANK6   BANK7   BANK8   BANK9  BANK10  BANK11  BANK12  BANK13  BANK14  BANK15  BANK1
      +6  BANK17  BANK18  BANK19  BANK20  BANK21  BANK22  BANK23  BANK24  BANK25  BANK26  BANK27  BANK28  BANK29  BANK30  BANK3
      +1  BANK32  BANK33  BANK34  BANK35  BANK36  BANK37
   435 ;;      Params:         0       0       0       0       0       0       0       0       0       0       0       0       
      +0       0       0       0       0       0       0       0       0       0       0       0       0       0       0       
      +0       0       0       0       0       0       0
   436 ;;      Locals:         0       0       0       0       0       0       0       0       0       0       0       0       
      +0       0       0       0       0       0       0       0       0       0       0       0       0       0       0       
      +0       0       0       0       0       0       0
   437 ;;      Temps:          0       0       0       0       0       0       0       0       0       0       0       0       
      +0       0       0       0       0       0       0       0       0       0       0       0       0       0       0       
      +0       0       0       0       0       0       0
   438 ;;      Totals:         0       0       0       0       0       0       0       0       0       0       0       0       
      +0       0       0       0       0       0       0       0       0       0       0       0       0       0       0       
      +0       0       0       0       0       0       0
   439 ;;Total ram usage:        0 bytes
   440 ;; Hardware stack levels required when called:    1
   441 ;; This function calls:
   442 ;;		_ClockSetup
   443 ;;		_GpioSetup
   444 ;;		_SysTickSetup
   445 ;;		_SystemSleep
   446 ;;		_TimeXus
   447 ;;		_UserAppInitialize
   448 ;;		_UserAppRun
   449 ;; This function is called by:
   450 ;;		Startup code after reset
   451 ;; This function uses a non-reentrant model
   452 ;;
   453                           
   454                           	psect	text0
   455  01FEBC                     __ptext0:
   456                           	callstack 0
   457  01FEBC                     _main:
   458                           	callstack 127
   459  01FEBC                     
   460                           ;main.c: 37:   G_u32SystemFlags |= (u32)0x80000000;
   461  01FEBC  8E04               	bsf	(_G_u32SystemFlags+3)^(0+1280),7,c	;volatile
   462  01FEBE                     
   463                           ;main.c: 40:   ClockSetup();
   464  01FEBE  EC02  F0FF         	call	_ClockSetup	;wreg free
   465  01FEC2                     
   466                           ;main.c: 41:   SysTickSetup();
   467  01FEC2  EC32  F0FF         	call	_SysTickSetup	;wreg free
   468  01FEC6                     
   469                           ;main.c: 42:   GpioSetup();
   470  01FEC6  EC04  F0FF         	call	_GpioSetup	;wreg free
   471  01FECA                     
   472                           ;main.c: 47:   UserAppInitialize();
   473  01FECA  EC0D  F0FF         	call	_UserAppInitialize	;wreg free
   474  01FECE                     l831:
   475                           
   476                           ;main.c: 53:   {;main.c: 66:     UserAppRun();
   477  01FECE  EC18  F0FF         	call	_UserAppRun	;wreg free
   478  01FED2                     
   479                           ;main.c: 69:     (LATA &= 0x7F);
   480  01FED2  9EBE               	bcf	190,7,c	;volatile
   481  01FED4                     
   482                           ;main.c: 70:     SystemSleep();
   483  01FED4  EC03  F0FF         	call	_SystemSleep	;wreg free
   484  01FED8                     
   485                           ;main.c: 73:     TimeXus(2);
   486  01FED8  0E00               	movlw	0
   487  01FEDA  6E10               	movwf	(TimeXus@u16TimeInput+1)^(0+1280),c
   488  01FEDC  0E02               	movlw	2
   489  01FEDE  6E0F               	movwf	TimeXus@u16TimeInput^(0+1280),c
   490  01FEE0  EC24  F0FF         	call	_TimeXus	;wreg free
   491  01FEE4                     l52:
   492  01FEE4  AEB1               	btfss	177,7,c	;volatile
   493  01FEE6  EF77  F0FF         	goto	u21
   494  01FEEA  EF79  F0FF         	goto	u20
   495  01FEEE                     u21:
   496  01FEEE  EF72  F0FF         	goto	l52
   497  01FEF2                     u20:
   498  01FEF2                     
   499                           ;main.c: 76:     (LATA |= 0x80);
   500  01FEF2  8EBE               	bsf	190,7,c	;volatile
   501  01FEF4  EF67  F0FF         	goto	l831
   502  01FEF8  EFFE  F0FF         	goto	start
   503  01FEFC                     __end_of_main:
   504                           	callstack 0
   505                           
   506 ;; *************** function _UserAppRun *****************
   507 ;; Defined at:
   508 ;;		line 154 in file "user_app.c"
   509 ;; Parameters:    Size  Location     Type
   510 ;;		None
   511 ;; Auto vars:     Size  Location     Type
   512 ;;		None
   513 ;; Return value:  Size  Location     Type
   514 ;;                  1    wreg      void 
   515 ;; Registers used:
   516 ;;		wreg, fsr2l, fsr2h, status,2, status,0
   517 ;; Tracked objects:
   518 ;;		On entry : 0/0
   519 ;;		On exit  : 0/0
   520 ;;		Unchanged: 0/0
   521 ;; Data sizes:     COMRAM   BANK5   BANK6   BANK7   BANK8   BANK9  BANK10  BANK11  BANK12  BANK13  BANK14  BANK15  BANK1
      +6  BANK17  BANK18  BANK19  BANK20  BANK21  BANK22  BANK23  BANK24  BANK25  BANK26  BANK27  BANK28  BANK29  BANK30  BANK3
      +1  BANK32  BANK33  BANK34  BANK35  BANK36  BANK37
   522 ;;      Params:         0       0       0       0       0       0       0       0       0       0       0       0       
      +0       0       0       0       0       0       0       0       0       0       0       0       0       0       0       
      +0       0       0       0       0       0       0
   523 ;;      Locals:         0       0       0       0       0       0       0       0       0       0       0       0       
      +0       0       0       0       0       0       0       0       0       0       0       0       0       0       0       
      +0       0       0       0       0       0       0
   524 ;;      Temps:          0       0       0       0       0       0       0       0       0       0       0       0       
      +0       0       0       0       0       0       0       0       0       0       0       0       0       0       0       
      +0       0       0       0       0       0       0
   525 ;;      Totals:         0       0       0       0       0       0       0       0       0       0       0       0       
      +0       0       0       0       0       0       0       0       0       0       0       0       0       0       0       
      +0       0       0       0       0       0       0
   526 ;;Total ram usage:        0 bytes
   527 ;; Hardware stack levels used:    1
   528 ;; This function calls:
   529 ;;		Nothing
   530 ;; This function is called by:
   531 ;;		_main
   532 ;; This function uses a non-reentrant model
   533 ;;
   534                           
   535                           	psect	text1
   536  01FE30                     __ptext1:
   537                           	callstack 0
   538  01FE30                     _UserAppRun:
   539                           	callstack 127
   540  01FE30                     
   541                           ;user_app.c: 162:     {;user_app.c: 163:         DAC1DATL = UserApp_au8sinTable[u8Index]
      +                          ;
   542  01FE30  0E00               	movlw	low _UserApp_au8sinTable
   543  01FE32  240D               	addwf	UserAppRun@u8Index^(0+1280),w,c
   544  01FE34  6ED9               	movwf	fsr2l,c
   545  01FE36  6ADA               	clrf	fsr2h,c
   546  01FE38  0E06               	movlw	high _UserApp_au8sinTable
   547  01FE3A  22DA               	addwfc	fsr2h,f,c
   548  01FE3C  50DF               	movf	indf2,w,c
   549  01FE3E  0100               	movlb	0	; () banked
   550  01FE40  6F7D               	movwf	125,b	;volatile
   551  01FE42                     
   552                           ; BSR set to: 0
   553                           ;user_app.c: 164:         u8Index += 4;
   554  01FE42  0E04               	movlw	4
   555  01FE44  260D               	addwf	UserAppRun@u8Index^(0+1280),f,c
   556  01FE46                     
   557                           ; BSR set to: 0
   558  01FE46  0012               	return		;funcret
   559  01FE48                     __end_of_UserAppRun:
   560                           	callstack 0
   561                           
   562 ;; *************** function _UserAppInitialize *****************
   563 ;; Defined at:
   564 ;;		line 94 in file "user_app.c"
   565 ;; Parameters:    Size  Location     Type
   566 ;;		None
   567 ;; Auto vars:     Size  Location     Type
   568 ;;		None
   569 ;; Return value:  Size  Location     Type
   570 ;;                  1    wreg      void 
   571 ;; Registers used:
   572 ;;		wreg, status,2
   573 ;; Tracked objects:
   574 ;;		On entry : 0/0
   575 ;;		On exit  : 0/0
   576 ;;		Unchanged: 0/0
   577 ;; Data sizes:     COMRAM   BANK5   BANK6   BANK7   BANK8   BANK9  BANK10  BANK11  BANK12  BANK13  BANK14  BANK15  BANK1
      +6  BANK17  BANK18  BANK19  BANK20  BANK21  BANK22  BANK23  BANK24  BANK25  BANK26  BANK27  BANK28  BANK29  BANK30  BANK3
      +1  BANK32  BANK33  BANK34  BANK35  BANK36  BANK37
   578 ;;      Params:         0       0       0       0       0       0       0       0       0       0       0       0       
      +0       0       0       0       0       0       0       0       0       0       0       0       0       0       0       
      +0       0       0       0       0       0       0
   579 ;;      Locals:         0       0       0       0       0       0       0       0       0       0       0       0       
      +0       0       0       0       0       0       0       0       0       0       0       0       0       0       0       
      +0       0       0       0       0       0       0
   580 ;;      Temps:          0       0       0       0       0       0       0       0       0       0       0       0       
      +0       0       0       0       0       0       0       0       0       0       0       0       0       0       0       
      +0       0       0       0       0       0       0
   581 ;;      Totals:         0       0       0       0       0       0       0       0       0       0       0       0       
      +0       0       0       0       0       0       0       0       0       0       0       0       0       0       0       
      +0       0       0       0       0       0       0
   582 ;;Total ram usage:        0 bytes
   583 ;; Hardware stack levels used:    1
   584 ;; This function calls:
   585 ;;		Nothing
   586 ;; This function is called by:
   587 ;;		_main
   588 ;; This function uses a non-reentrant model
   589 ;;
   590                           
   591                           	psect	text2
   592  01FE1A                     __ptext2:
   593                           	callstack 0
   594  01FE1A                     _UserAppInitialize:
   595                           	callstack 127
   596  01FE1A                     
   597                           ;user_app.c: 97:     LATA = 0x80;
   598  01FE1A  0E80               	movlw	128
   599  01FE1C  6EBE               	movwf	190,c	;volatile
   600                           
   601                           ;user_app.c: 101:     T0CON0 = 0x90;
   602  01FE1E  0E90               	movlw	144
   603  01FE20  0103               	movlb	3	; () banked
   604  01FE22  6F1A               	movwf	26,b	;volatile
   605                           
   606                           ;user_app.c: 102:     T0CON1 = 0x54;
   607  01FE24  0E54               	movlw	84
   608  01FE26  6F1B               	movwf	27,b	;volatile
   609                           
   610                           ;user_app.c: 105:     DAC1DATL = 0;
   611  01FE28  0E00               	movlw	0
   612  01FE2A  0100               	movlb	0	; () banked
   613  01FE2C  6F7D               	movwf	125,b	;volatile
   614  01FE2E                     
   615                           ; BSR set to: 0
   616  01FE2E  0012               	return		;funcret
   617  01FE30                     __end_of_UserAppInitialize:
   618                           	callstack 0
   619                           
   620 ;; *************** function _TimeXus *****************
   621 ;; Defined at:
   622 ;;		line 126 in file "user_app.c"
   623 ;; Parameters:    Size  Location     Type
   624 ;;  u16TimeInput    2    0[COMRAM] unsigned short 
   625 ;; Auto vars:     Size  Location     Type
   626 ;;  u16TimeLeft     2    2[COMRAM] unsigned short 
   627 ;; Return value:  Size  Location     Type
   628 ;;                  1    wreg      void 
   629 ;; Registers used:
   630 ;;		wreg, status,2, status,0
   631 ;; Tracked objects:
   632 ;;		On entry : 0/0
   633 ;;		On exit  : 0/0
   634 ;;		Unchanged: 0/0
   635 ;; Data sizes:     COMRAM   BANK5   BANK6   BANK7   BANK8   BANK9  BANK10  BANK11  BANK12  BANK13  BANK14  BANK15  BANK1
      +6  BANK17  BANK18  BANK19  BANK20  BANK21  BANK22  BANK23  BANK24  BANK25  BANK26  BANK27  BANK28  BANK29  BANK30  BANK3
      +1  BANK32  BANK33  BANK34  BANK35  BANK36  BANK37
   636 ;;      Params:         2       0       0       0       0       0       0       0       0       0       0       0       
      +0       0       0       0       0       0       0       0       0       0       0       0       0       0       0       
      +0       0       0       0       0       0       0
   637 ;;      Locals:         2       0       0       0       0       0       0       0       0       0       0       0       
      +0       0       0       0       0       0       0       0       0       0       0       0       0       0       0       
      +0       0       0       0       0       0       0
   638 ;;      Temps:          0       0       0       0       0       0       0       0       0       0       0       0       
      +0       0       0       0       0       0       0       0       0       0       0       0       0       0       0       
      +0       0       0       0       0       0       0
   639 ;;      Totals:         4       0       0       0       0       0       0       0       0       0       0       0       
      +0       0       0       0       0       0       0       0       0       0       0       0       0       0       0       
      +0       0       0       0       0       0       0
   640 ;;Total ram usage:        4 bytes
   641 ;; Hardware stack levels used:    1
   642 ;; This function calls:
   643 ;;		Nothing
   644 ;; This function is called by:
   645 ;;		_main
   646 ;; This function uses a non-reentrant model
   647 ;;
   648                           
   649                           	psect	text3
   650  01FE48                     __ptext3:
   651                           	callstack 0
   652  01FE48                     _TimeXus:
   653                           	callstack 127
   654  01FE48                     
   655                           ;user_app.c: 126: void TimeXus(u16 u16TimeInput);user_app.c: 127: {;user_app.c: 129:    
      +                           T0CON0bits.EN = 0;
   656  01FE48  0103               	movlb	3	; () banked
   657  01FE4A  9F1A               	bcf	26,7,b	;volatile
   658  01FE4C                     
   659                           ; BSR set to: 3
   660                           ;user_app.c: 132:     u16 u16TimeLeft = 0xFFFF - u16TimeInput;
   661  01FE4C  1C0F               	comf	TimeXus@u16TimeInput^(0+1280),w,c
   662  01FE4E  6E11               	movwf	TimeXus@u16TimeLeft^(0+1280),c
   663  01FE50  1C10               	comf	(TimeXus@u16TimeInput+1)^(0+1280),w,c
   664  01FE52  6E12               	movwf	(TimeXus@u16TimeLeft+1)^(0+1280),c
   665  01FE54                     
   666                           ; BSR set to: 3
   667                           ;user_app.c: 133:     TMR0H = (u8)((u16TimeLeft >> 8) & 0x00FF);
   668  01FE54  5012               	movf	(TimeXus@u16TimeLeft+1)^(0+1280),w,c
   669  01FE56  6F19               	movwf	25,b	;volatile
   670  01FE58                     
   671                           ; BSR set to: 3
   672                           ;user_app.c: 134:     TMR0L = (u8)(u16TimeLeft & 0x00Ff);
   673  01FE58  0061  F444  F318   	movff	TimeXus@u16TimeLeft,792	;volatile
   674  01FE5E                     
   675                           ; BSR set to: 3
   676                           ;user_app.c: 138:     PIR3bits.TMR0IF = 0;
   677  01FE5E  9EB1               	bcf	177,7,c	;volatile
   678  01FE60                     
   679                           ; BSR set to: 3
   680                           ;user_app.c: 139:     T0CON0bits.EN = 1;
   681  01FE60  8F1A               	bsf	26,7,b	;volatile
   682  01FE62                     
   683                           ; BSR set to: 3
   684  01FE62  0012               	return		;funcret
   685  01FE64                     __end_of_TimeXus:
   686                           	callstack 0
   687                           
   688 ;; *************** function _SystemSleep *****************
   689 ;; Defined at:
   690 ;;		line 136 in file "encm369_pic18.c"
   691 ;; Parameters:    Size  Location     Type
   692 ;;		None
   693 ;; Auto vars:     Size  Location     Type
   694 ;;		None
   695 ;; Return value:  Size  Location     Type
   696 ;;                  1    wreg      void 
   697 ;; Registers used:
   698 ;;		None
   699 ;; Tracked objects:
   700 ;;		On entry : 0/0
   701 ;;		On exit  : 0/0
   702 ;;		Unchanged: 0/0
   703 ;; Data sizes:     COMRAM   BANK5   BANK6   BANK7   BANK8   BANK9  BANK10  BANK11  BANK12  BANK13  BANK14  BANK15  BANK1
      +6  BANK17  BANK18  BANK19  BANK20  BANK21  BANK22  BANK23  BANK24  BANK25  BANK26  BANK27  BANK28  BANK29  BANK30  BANK3
      +1  BANK32  BANK33  BANK34  BANK35  BANK36  BANK37
   704 ;;      Params:         0       0       0       0       0       0       0       0       0       0       0       0       
      +0       0       0       0       0       0       0       0       0       0       0       0       0       0       0       
      +0       0       0       0       0       0       0
   705 ;;      Locals:         0       0       0       0       0       0       0       0       0       0       0       0       
      +0       0       0       0       0       0       0       0       0       0       0       0       0       0       0       
      +0       0       0       0       0       0       0
   706 ;;      Temps:          0       0       0       0       0       0       0       0       0       0       0       0       
      +0       0       0       0       0       0       0       0       0       0       0       0       0       0       0       
      +0       0       0       0       0       0       0
   707 ;;      Totals:         0       0       0       0       0       0       0       0       0       0       0       0       
      +0       0       0       0       0       0       0       0       0       0       0       0       0       0       0       
      +0       0       0       0       0       0       0
   708 ;;Total ram usage:        0 bytes
   709 ;; Hardware stack levels used:    1
   710 ;; This function calls:
   711 ;;		Nothing
   712 ;; This function is called by:
   713 ;;		_main
   714 ;; This function uses a non-reentrant model
   715 ;;
   716                           
   717                           	psect	text4
   718  01FE06                     __ptext4:
   719                           	callstack 0
   720  01FE06                     _SystemSleep:
   721                           	callstack 127
   722  01FE06  0012               	return		;funcret
   723  01FE08                     __end_of_SystemSleep:
   724                           	callstack 0
   725                           
   726 ;; *************** function _SysTickSetup *****************
   727 ;; Defined at:
   728 ;;		line 114 in file "encm369_pic18.c"
   729 ;; Parameters:    Size  Location     Type
   730 ;;		None
   731 ;; Auto vars:     Size  Location     Type
   732 ;;		None
   733 ;; Return value:  Size  Location     Type
   734 ;;                  1    wreg      void 
   735 ;; Registers used:
   736 ;;		wreg, status,2
   737 ;; Tracked objects:
   738 ;;		On entry : 0/0
   739 ;;		On exit  : 0/0
   740 ;;		Unchanged: 0/0
   741 ;; Data sizes:     COMRAM   BANK5   BANK6   BANK7   BANK8   BANK9  BANK10  BANK11  BANK12  BANK13  BANK14  BANK15  BANK1
      +6  BANK17  BANK18  BANK19  BANK20  BANK21  BANK22  BANK23  BANK24  BANK25  BANK26  BANK27  BANK28  BANK29  BANK30  BANK3
      +1  BANK32  BANK33  BANK34  BANK35  BANK36  BANK37
   742 ;;      Params:         0       0       0       0       0       0       0       0       0       0       0       0       
      +0       0       0       0       0       0       0       0       0       0       0       0       0       0       0       
      +0       0       0       0       0       0       0
   743 ;;      Locals:         0       0       0       0       0       0       0       0       0       0       0       0       
      +0       0       0       0       0       0       0       0       0       0       0       0       0       0       0       
      +0       0       0       0       0       0       0
   744 ;;      Temps:          0       0       0       0       0       0       0       0       0       0       0       0       
      +0       0       0       0       0       0       0       0       0       0       0       0       0       0       0       
      +0       0       0       0       0       0       0
   745 ;;      Totals:         0       0       0       0       0       0       0       0       0       0       0       0       
      +0       0       0       0       0       0       0       0       0       0       0       0       0       0       0       
      +0       0       0       0       0       0       0
   746 ;;Total ram usage:        0 bytes
   747 ;; Hardware stack levels used:    1
   748 ;; This function calls:
   749 ;;		Nothing
   750 ;; This function is called by:
   751 ;;		_main
   752 ;; This function uses a non-reentrant model
   753 ;;
   754                           
   755                           	psect	text5
   756  01FE64                     __ptext5:
   757                           	callstack 0
   758  01FE64                     _SysTickSetup:
   759                           	callstack 127
   760  01FE64                     
   761                           ;encm369_pic18.c: 116:   G_u32SystemTime1ms = 0;
   762  01FE64  0E00               	movlw	0
   763  01FE66  6E09               	movwf	_G_u32SystemTime1ms^(0+1280),c	;volatile
   764  01FE68  0E00               	movlw	0
   765  01FE6A  6E0A               	movwf	(_G_u32SystemTime1ms+1)^(0+1280),c	;volatile
   766  01FE6C  0E00               	movlw	0
   767  01FE6E  6E0B               	movwf	(_G_u32SystemTime1ms+2)^(0+1280),c	;volatile
   768  01FE70  0E00               	movlw	0
   769  01FE72  6E0C               	movwf	(_G_u32SystemTime1ms+3)^(0+1280),c	;volatile
   770                           
   771                           ;encm369_pic18.c: 117:   G_u32SystemTime1s = 0;
   772  01FE74  0E00               	movlw	0
   773  01FE76  6E05               	movwf	_G_u32SystemTime1s^(0+1280),c	;volatile
   774  01FE78  0E00               	movlw	0
   775  01FE7A  6E06               	movwf	(_G_u32SystemTime1s+1)^(0+1280),c	;volatile
   776  01FE7C  0E00               	movlw	0
   777  01FE7E  6E07               	movwf	(_G_u32SystemTime1s+2)^(0+1280),c	;volatile
   778  01FE80  0E00               	movlw	0
   779  01FE82  6E08               	movwf	(_G_u32SystemTime1s+3)^(0+1280),c	;volatile
   780  01FE84  0012               	return		;funcret
   781  01FE86                     __end_of_SysTickSetup:
   782                           	callstack 0
   783                           
   784 ;; *************** function _GpioSetup *****************
   785 ;; Defined at:
   786 ;;		line 89 in file "encm369_pic18.c"
   787 ;; Parameters:    Size  Location     Type
   788 ;;		None
   789 ;; Auto vars:     Size  Location     Type
   790 ;;		None
   791 ;; Return value:  Size  Location     Type
   792 ;;                  1    wreg      void 
   793 ;; Registers used:
   794 ;;		wreg, status,2
   795 ;; Tracked objects:
   796 ;;		On entry : 0/0
   797 ;;		On exit  : 0/0
   798 ;;		Unchanged: 0/0
   799 ;; Data sizes:     COMRAM   BANK5   BANK6   BANK7   BANK8   BANK9  BANK10  BANK11  BANK12  BANK13  BANK14  BANK15  BANK1
      +6  BANK17  BANK18  BANK19  BANK20  BANK21  BANK22  BANK23  BANK24  BANK25  BANK26  BANK27  BANK28  BANK29  BANK30  BANK3
      +1  BANK32  BANK33  BANK34  BANK35  BANK36  BANK37
   800 ;;      Params:         0       0       0       0       0       0       0       0       0       0       0       0       
      +0       0       0       0       0       0       0       0       0       0       0       0       0       0       0       
      +0       0       0       0       0       0       0
   801 ;;      Locals:         0       0       0       0       0       0       0       0       0       0       0       0       
      +0       0       0       0       0       0       0       0       0       0       0       0       0       0       0       
      +0       0       0       0       0       0       0
   802 ;;      Temps:          0       0       0       0       0       0       0       0       0       0       0       0       
      +0       0       0       0       0       0       0       0       0       0       0       0       0       0       0       
      +0       0       0       0       0       0       0
   803 ;;      Totals:         0       0       0       0       0       0       0       0       0       0       0       0       
      +0       0       0       0       0       0       0       0       0       0       0       0       0       0       0       
      +0       0       0       0       0       0       0
   804 ;;Total ram usage:        0 bytes
   805 ;; Hardware stack levels used:    1
   806 ;; This function calls:
   807 ;;		Nothing
   808 ;; This function is called by:
   809 ;;		_main
   810 ;; This function uses a non-reentrant model
   811 ;;
   812                           
   813                           	psect	text6
   814  01FE08                     __ptext6:
   815                           	callstack 0
   816  01FE08                     _GpioSetup:
   817                           	callstack 127
   818  01FE08                     
   819                           ;encm369_pic18.c: 92:     TRISA = 0x00;
   820  01FE08  0E00               	movlw	0
   821  01FE0A  6EC6               	movwf	198,c	;volatile
   822                           
   823                           ;encm369_pic18.c: 93:     ANSELA = 0x00;
   824  01FE0C  0E00               	movlw	0
   825  01FE0E  0104               	movlb	4	; () banked
   826  01FE10  6F00               	movwf	0,b	;volatile
   827                           
   828                           ;encm369_pic18.c: 96:     DAC1CON = 0xA0;
   829  01FE12  0EA0               	movlw	160
   830  01FE14  0100               	movlb	0	; () banked
   831  01FE16  6F7F               	movwf	127,b	;volatile
   832  01FE18                     
   833                           ; BSR set to: 0
   834  01FE18  0012               	return		;funcret
   835  01FE1A                     __end_of_GpioSetup:
   836                           	callstack 0
   837                           
   838 ;; *************** function _ClockSetup *****************
   839 ;; Defined at:
   840 ;;		line 70 in file "encm369_pic18.c"
   841 ;; Parameters:    Size  Location     Type
   842 ;;		None
   843 ;; Auto vars:     Size  Location     Type
   844 ;;		None
   845 ;; Return value:  Size  Location     Type
   846 ;;                  1    wreg      void 
   847 ;; Registers used:
   848 ;;		None
   849 ;; Tracked objects:
   850 ;;		On entry : 0/0
   851 ;;		On exit  : 0/0
   852 ;;		Unchanged: 0/0
   853 ;; Data sizes:     COMRAM   BANK5   BANK6   BANK7   BANK8   BANK9  BANK10  BANK11  BANK12  BANK13  BANK14  BANK15  BANK1
      +6  BANK17  BANK18  BANK19  BANK20  BANK21  BANK22  BANK23  BANK24  BANK25  BANK26  BANK27  BANK28  BANK29  BANK30  BANK3
      +1  BANK32  BANK33  BANK34  BANK35  BANK36  BANK37
   854 ;;      Params:         0       0       0       0       0       0       0       0       0       0       0       0       
      +0       0       0       0       0       0       0       0       0       0       0       0       0       0       0       
      +0       0       0       0       0       0       0
   855 ;;      Locals:         0       0       0       0       0       0       0       0       0       0       0       0       
      +0       0       0       0       0       0       0       0       0       0       0       0       0       0       0       
      +0       0       0       0       0       0       0
   856 ;;      Temps:          0       0       0       0       0       0       0       0       0       0       0       0       
      +0       0       0       0       0       0       0       0       0       0       0       0       0       0       0       
      +0       0       0       0       0       0       0
   857 ;;      Totals:         0       0       0       0       0       0       0       0       0       0       0       0       
      +0       0       0       0       0       0       0       0       0       0       0       0       0       0       0       
      +0       0       0       0       0       0       0
   858 ;;Total ram usage:        0 bytes
   859 ;; Hardware stack levels used:    1
   860 ;; This function calls:
   861 ;;		Nothing
   862 ;; This function is called by:
   863 ;;		_main
   864 ;; This function uses a non-reentrant model
   865 ;;
   866                           
   867                           	psect	text7
   868  01FE04                     __ptext7:
   869                           	callstack 0
   870  01FE04                     _ClockSetup:
   871                           	callstack 127
   872  01FE04  0012               	return		;funcret
   873  01FE06                     __end_of_ClockSetup:
   874                           	callstack 0
   875  0000                     
   876                           	psect	rparam
   877  0000                     
   878                           	psect	idloc
   879                           
   880                           ;Config register IDLOC0 @ 0x200000
   881                           ;	unspecified, using default values
   882  200000                     	org	2097152
   883  200000  0FFF               	dw	4095
   884                           
   885                           ;Config register IDLOC1 @ 0x200002
   886                           ;	unspecified, using default values
   887  200002                     	org	2097154
   888  200002  0FFF               	dw	4095
   889                           
   890                           ;Config register IDLOC2 @ 0x200004
   891                           ;	unspecified, using default values
   892  200004                     	org	2097156
   893  200004  0FFF               	dw	4095
   894                           
   895                           ;Config register IDLOC3 @ 0x200006
   896                           ;	unspecified, using default values
   897  200006                     	org	2097158
   898  200006  0FFF               	dw	4095
   899                           
   900                           ;Config register IDLOC4 @ 0x200008
   901                           ;	unspecified, using default values
   902  200008                     	org	2097160
   903  200008  0FFF               	dw	4095
   904                           
   905                           ;Config register IDLOC5 @ 0x20000A
   906                           ;	unspecified, using default values
   907  20000A                     	org	2097162
   908  20000A  0FFF               	dw	4095
   909                           
   910                           ;Config register IDLOC6 @ 0x20000C
   911                           ;	unspecified, using default values
   912  20000C                     	org	2097164
   913  20000C  0FFF               	dw	4095
   914                           
   915                           ;Config register IDLOC7 @ 0x20000E
   916                           ;	unspecified, using default values
   917  20000E                     	org	2097166
   918  20000E  0FFF               	dw	4095
   919                           
   920                           ;Config register IDLOC8 @ 0x200010
   921                           ;	unspecified, using default values
   922  200010                     	org	2097168
   923  200010  0FFF               	dw	4095
   924                           
   925                           ;Config register IDLOC9 @ 0x200012
   926                           ;	unspecified, using default values
   927  200012                     	org	2097170
   928  200012  0FFF               	dw	4095
   929                           
   930                           ;Config register IDLOC10 @ 0x200014
   931                           ;	unspecified, using default values
   932  200014                     	org	2097172
   933  200014  0FFF               	dw	4095
   934                           
   935                           ;Config register IDLOC11 @ 0x200016
   936                           ;	unspecified, using default values
   937  200016                     	org	2097174
   938  200016  0FFF               	dw	4095
   939                           
   940                           ;Config register IDLOC12 @ 0x200018
   941                           ;	unspecified, using default values
   942  200018                     	org	2097176
   943  200018  0FFF               	dw	4095
   944                           
   945                           ;Config register IDLOC13 @ 0x20001A
   946                           ;	unspecified, using default values
   947  20001A                     	org	2097178
   948  20001A  0FFF               	dw	4095
   949                           
   950                           ;Config register IDLOC14 @ 0x20001C
   951                           ;	unspecified, using default values
   952  20001C                     	org	2097180
   953  20001C  0FFF               	dw	4095
   954                           
   955                           ;Config register IDLOC15 @ 0x20001E
   956                           ;	unspecified, using default values
   957  20001E                     	org	2097182
   958  20001E  0FFF               	dw	4095
   959                           
   960                           	psect	config
   961                           
   962                           ;Config register CONFIG1 @ 0x300000
   963                           ;	External Oscillator Selection
   964                           ;	FEXTOSC = OFF, Oscillator not enabled
   965                           ;	Reset Oscillator Selection
   966                           ;	RSTOSC = HFINTOSC_64MHZ, HFINTOSC with HFFRQ = 64 MHz and CDIV = 1:1
   967  300000                     	org	3145728
   968  300000  8C                 	db	140
   969                           
   970                           ;Config register CONFIG2 @ 0x300001
   971                           ;	Clock out Enable bit
   972                           ;	CLKOUTEN = ON, CLKOUT function is enabled
   973                           ;	PRLOCKED One-Way Set Enable bit
   974                           ;	PR1WAY = ON, PRLOCKED bit can be cleared and set only once
   975                           ;	Clock Switch Enable bit
   976                           ;	CSWEN = ON, Writing to NOSC and NDIV is allowed
   977                           ;	Fail-Safe Clock Monitor Enable bit
   978                           ;	FCMEN = ON, Fail-Safe Clock Monitor enabled
   979  300001                     	org	3145729
   980  300001  FE                 	db	254
   981                           
   982                           ;Config register CONFIG3 @ 0x300002
   983                           ;	MCLR Enable bit
   984                           ;	MCLRE = EXTMCLR, If LVP = 0, MCLR pin is MCLR; If LVP = 1, RE3 pin function is MCLR
   985                           ;	Power-up timer selection bits
   986                           ;	PWRTS = PWRT_OFF, PWRT is disabled
   987                           ;	Multi-vector enable bit
   988                           ;	MVECEN = ON, Multi-vector enabled, Vector table used for interrupts
   989                           ;	IVTLOCK bit One-way set enable bit
   990                           ;	IVT1WAY = ON, IVTLOCKED bit can be cleared and set only once
   991                           ;	Low Power BOR Enable bit
   992                           ;	LPBOREN = OFF, Low-Power BOR disabled
   993                           ;	Brown-out Reset Enable bits
   994                           ;	BOREN = SBORDIS, Brown-out Reset enabled , SBOREN bit is ignored
   995  300002                     	org	3145730
   996  300002  FF                 	db	255
   997                           
   998                           ;Config register CONFIG4 @ 0x300003
   999                           ;	Brown-out Reset Voltage Selection bits
  1000                           ;	BORV = VBOR_2P85, Brown-out Reset Voltage (VBOR) set to 2.8V
  1001                           ;	ZCD Disable bit
  1002                           ;	ZCD = OFF, ZCD module is disabled. ZCD can be enabled by setting the ZCDSEN bit of ZCD
      +                          CON
  1003                           ;	PPSLOCK bit One-Way Set Enable bit
  1004                           ;	PPS1WAY = ON, PPSLOCKED bit can be cleared and set only once; PPS registers remain loc
      +                          ked after one clear/set cycle
  1005                           ;	Stack Full/Underflow Reset Enable bit
  1006                           ;	STVREN = ON, Stack full/underflow will cause Reset
  1007                           ;	Low Voltage Programming Enable bit
  1008                           ;	LVP = ON, Low voltage programming enabled. MCLR/VPP pin function is MCLR. MCLRE config
      +                          uration bit is ignored
  1009                           ;	Extended Instruction Set Enable bit
  1010                           ;	XINST = OFF, Extended Instruction Set and Indexed Addressing Mode disabled
  1011  300003                     	org	3145731
  1012  300003  FC                 	db	252
  1013                           
  1014                           ;Config register CONFIG5 @ 0x300004
  1015                           ;	WDT Period selection bits
  1016                           ;	WDTCPS = WDTCPS_31, Divider ratio 1:65536; software control of WDTPS
  1017                           ;	WDT operating mode
  1018                           ;	WDTE = OFF, WDT Disabled; SWDTEN is ignored
  1019  300004                     	org	3145732
  1020  300004  9F                 	db	159
  1021                           
  1022                           ;Config register CONFIG6 @ 0x300005
  1023                           ;	WDT Window Select bits
  1024                           ;	WDTCWS = WDTCWS_7, window always open (100%); software control; keyed access not requi
      +                          red
  1025                           ;	WDT input clock selector
  1026                           ;	WDTCCS = SC, Software Control
  1027  300005                     	org	3145733
  1028  300005  FF                 	db	255
  1029                           
  1030                           ;Config register CONFIG7 @ 0x300006
  1031                           ;	Boot Block Size selection bits
  1032                           ;	BBSIZE = BBSIZE_512, Boot Block size is 512 words
  1033                           ;	Boot Block enable bit
  1034                           ;	BBEN = OFF, Boot block disabled
  1035                           ;	Storage Area Flash enable bit
  1036                           ;	SAFEN = OFF, SAF disabled
  1037                           ;	Background Debugger
  1038                           ;	DEBUG = OFF, Background Debugger disabled
  1039  300006                     	org	3145734
  1040  300006  FF                 	db	255
  1041                           
  1042                           ;Config register CONFIG8 @ 0x300007
  1043                           ;	Boot Block Write Protection bit
  1044                           ;	WRTB = OFF, Boot Block not Write protected
  1045                           ;	Configuration Register Write Protection bit
  1046                           ;	WRTC = OFF, Configuration registers not Write protected
  1047                           ;	Data EEPROM Write Protection bit
  1048                           ;	WRTD = OFF, Data EEPROM not Write protected
  1049                           ;	SAF Write protection bit
  1050                           ;	WRTSAF = OFF, SAF not Write Protected
  1051                           ;	Application Block write protection bit
  1052                           ;	WRTAPP = OFF, Application Block not write protected
  1053  300007                     	org	3145735
  1054  300007  FF                 	db	255
  1055                           
  1056                           ; Padding undefined space
  1057  300008                     	org	3145736
  1058  300008  FF                 	db	255
  1059                           
  1060                           ;Config register CONFIG10 @ 0x300009
  1061                           ;	PFM and Data EEPROM Code Protection bit
  1062                           ;	CP = OFF, PFM and Data EEPROM code protection disabled
  1063  300009                     	org	3145737
  1064  300009  FF                 	db	255
  1065                           tosu	equ	0x4FF
  1066                           tosh	equ	0x4FE
  1067                           tosl	equ	0x4FD
  1068                           stkptr	equ	0x4FC
  1069                           pclatu	equ	0x4FB
  1070                           pclath	equ	0x4FA
  1071                           pcl	equ	0x4F9
  1072                           tblptru	equ	0x4F8
  1073                           tblptrh	equ	0x4F7
  1074                           tblptrl	equ	0x4F6
  1075                           tablat	equ	0x4F5
  1076                           prodh	equ	0x4F4
  1077                           prodl	equ	0x4F3
  1078                           indf0	equ	0x4EF
  1079                           postinc0	equ	0x4EE
  1080                           postdec0	equ	0x4ED
  1081                           preinc0	equ	0x4EC
  1082                           plusw0	equ	0x4EB
  1083                           fsr0h	equ	0x4EA
  1084                           fsr0l	equ	0x4E9
  1085                           wreg	equ	0x4E8
  1086                           indf1	equ	0x4E7
  1087                           postinc1	equ	0x4E6
  1088                           postdec1	equ	0x4E5
  1089                           preinc1	equ	0x4E4
  1090                           plusw1	equ	0x4E3
  1091                           fsr1h	equ	0x4E2
  1092                           fsr1l	equ	0x4E1
  1093                           bsr	equ	0x4E0
  1094                           indf2	equ	0x4DF
  1095                           postinc2	equ	0x4DE
  1096                           postdec2	equ	0x4DD
  1097                           preinc2	equ	0x4DC
  1098                           plusw2	equ	0x4DB
  1099                           fsr2h	equ	0x4DA
  1100                           fsr2l	equ	0x4D9
  1101                           status	equ	0x4D8

Data Sizes:
    Strings     0
    Constant    0
    Data        256
    BSS         14
    Persistent  0
    Stack       0

Auto Spaces:
    Space          Size  Autos    Used
    COMRAM           95      4      18
    BANK5           160      0       0
    BANK6           256      0     256
    BANK7           256      0       0
    BANK8           256      0       0
    BANK9           256      0       0
    BANK10          256      0       0
    BANK11          256      0       0
    BANK12          256      0       0
    BANK13          256      0       0
    BANK14          256      0       0
    BANK15          256      0       0
    BANK16          256      0       0
    BANK17          256      0       0
    BANK18          256      0       0
    BANK19          256      0       0
    BANK20          256      0       0
    BANK21          256      0       0
    BANK22          256      0       0
    BANK23          256      0       0
    BANK24          256      0       0
    BANK25          256      0       0
    BANK26          256      0       0
    BANK27          256      0       0
    BANK28          256      0       0
    BANK29          256      0       0
    BANK30          256      0       0
    BANK31          256      0       0
    BANK32          256      0       0
    BANK33          256      0       0
    BANK34          256      0       0
    BANK35          256      0       0
    BANK36          256      0       0
    BANK37          256      0       0

Pointer List with Targets:

    None.

Critical Paths under _main in COMRAM

    _main->_TimeXus

Critical Paths under _main in BANK5

    None.

Critical Paths under _main in BANK6

    None.

Critical Paths under _main in BANK7

    None.

Critical Paths under _main in BANK8

    None.

Critical Paths under _main in BANK9

    None.

Critical Paths under _main in BANK10

    None.

Critical Paths under _main in BANK11

    None.

Critical Paths under _main in BANK12

    None.

Critical Paths under _main in BANK13

    None.

Critical Paths under _main in BANK14

    None.

Critical Paths under _main in BANK15

    None.

Critical Paths under _main in BANK16

    None.

Critical Paths under _main in BANK17

    None.

Critical Paths under _main in BANK18

    None.

Critical Paths under _main in BANK19

    None.

Critical Paths under _main in BANK20

    None.

Critical Paths under _main in BANK21

    None.

Critical Paths under _main in BANK22

    None.

Critical Paths under _main in BANK23

    None.

Critical Paths under _main in BANK24

    None.

Critical Paths under _main in BANK25

    None.

Critical Paths under _main in BANK26

    None.

Critical Paths under _main in BANK27

    None.

Critical Paths under _main in BANK28

    None.

Critical Paths under _main in BANK29

    None.

Critical Paths under _main in BANK30

    None.

Critical Paths under _main in BANK31

    None.

Critical Paths under _main in BANK32

    None.

Critical Paths under _main in BANK33

    None.

Critical Paths under _main in BANK34

    None.

Critical Paths under _main in BANK35

    None.

Critical Paths under _main in BANK36

    None.

Critical Paths under _main in BANK37

    None.

Call Graph Tables:

 ---------------------------------------------------------------------------------
 (Depth) Function   	        Calls       Base Space   Used Autos Params    Refs
 ---------------------------------------------------------------------------------
 (0) _main                                                 0     0      0     143
                         _ClockSetup
                          _GpioSetup
                       _SysTickSetup
                        _SystemSleep
                            _TimeXus
                  _UserAppInitialize
                         _UserAppRun
 ---------------------------------------------------------------------------------
 (1) _UserAppRun                                           0     0      0       0
 ---------------------------------------------------------------------------------
 (1) _UserAppInitialize                                    0     0      0       0
 ---------------------------------------------------------------------------------
 (1) _TimeXus                                              4     2      2     143
                                              0 COMRAM     4     2      2
 ---------------------------------------------------------------------------------
 (1) _SystemSleep                                          0     0      0       0
 ---------------------------------------------------------------------------------
 (1) _SysTickSetup                                         0     0      0       0
 ---------------------------------------------------------------------------------
 (1) _GpioSetup                                            0     0      0       0
 ---------------------------------------------------------------------------------
 (1) _ClockSetup                                           0     0      0       0
 ---------------------------------------------------------------------------------
 Estimated maximum stack depth 1
 ---------------------------------------------------------------------------------

 Call Graph Graphs:

 _main (ROOT)
   _ClockSetup
   _GpioSetup
   _SysTickSetup
   _SystemSleep
   _TimeXus
   _UserAppInitialize
   _UserAppRun

 Address spaces:
Name               Size   Autos  Total    Cost      Usage
BIGRAM            20FF      0       0      71        0.0%
EEDATA             400      0       0       0        0.0%
BITBANK37          100      0       0      70        0.0%
BANK37             100      0       0      68        0.0%
BITBANK36          100      0       0      66        0.0%
BANK36             100      0       0      67        0.0%
BITBANK35          100      0       0      64        0.0%
BANK35             100      0       0      65        0.0%
BITBANK34          100      0       0      62        0.0%
BANK34             100      0       0      63        0.0%
BITBANK33          100      0       0      60        0.0%
BANK33             100      0       0      61        0.0%
BITBANK32          100      0       0      58        0.0%
BANK32             100      0       0      59        0.0%
BITBANK31          100      0       0      56        0.0%
BANK31             100      0       0      57        0.0%
BITBANK30          100      0       0      54        0.0%
BANK30             100      0       0      55        0.0%
BITBANK29          100      0       0      52        0.0%
BANK29             100      0       0      53        0.0%
BITBANK28          100      0       0      50        0.0%
BANK28             100      0       0      51        0.0%
BITBANK27          100      0       0      48        0.0%
BANK27             100      0       0      49        0.0%
BITBANK26          100      0       0      46        0.0%
BANK26             100      0       0      47        0.0%
BITBANK25          100      0       0      44        0.0%
BANK25             100      0       0      45        0.0%
BITBANK24          100      0       0      42        0.0%
BANK24             100      0       0      43        0.0%
BITBANK23          100      0       0      40        0.0%
BANK23             100      0       0      41        0.0%
BITBANK22          100      0       0      38        0.0%
BANK22             100      0       0      39        0.0%
BITBANK21          100      0       0      36        0.0%
BANK21             100      0       0      37        0.0%
BITBANK20          100      0       0      34        0.0%
BANK20             100      0       0      35        0.0%
BITBANK19          100      0       0      32        0.0%
BANK19             100      0       0      33        0.0%
BITBANK18          100      0       0      30        0.0%
BANK18             100      0       0      31        0.0%
BITBANK17          100      0       0      28        0.0%
BANK17             100      0       0      29        0.0%
BITBANK16          100      0       0      26        0.0%
BANK16             100      0       0      27        0.0%
BITBANK15          100      0       0      24        0.0%
BANK15             100      0       0      25        0.0%
BITBANK14          100      0       0      22        0.0%
BANK14             100      0       0      23        0.0%
BITBANK13          100      0       0      20        0.0%
BANK13             100      0       0      21        0.0%
BITBANK12          100      0       0      18        0.0%
BANK12             100      0       0      19        0.0%
BITBANK11          100      0       0      16        0.0%
BANK11             100      0       0      17        0.0%
BITBANK10          100      0       0      14        0.0%
BANK10             100      0       0      15        0.0%
BITBANK9           100      0       0      12        0.0%
BANK9              100      0       0      13        0.0%
BITBANK8           100      0       0      10        0.0%
BANK8              100      0       0      11        0.0%
BITBANK7           100      0       0       8        0.0%
BANK7              100      0       0       9        0.0%
BITBANK6           100      0       0       6        0.0%
BANK6              100      0     100       7      100.0%
BITBANK5            A0      0       0       4        0.0%
BANK5               A0      0       0       5        0.0%
BITCOMRAM           5F      0       0       0        0.0%
COMRAM              5F      4      12       1       18.9%
BITSFR_5             0      0       0     200        0.0%
SFR_5                0      0       0     200        0.0%
BITSFR_4             0      0       0     200        0.0%
SFR_4                0      0       0     200        0.0%
BITSFR_3             0      0       0     200        0.0%
SFR_3                0      0       0     200        0.0%
BITSFR_2             0      0       0     200        0.0%
SFR_2                0      0       0     200        0.0%
BITSFR_1             0      0       0     200        0.0%
SFR_1                0      0       0     200        0.0%
BITSFR               0      0       0     200        0.0%
SFR                  0      0       0     200        0.0%
STACK                0      0       0       2        0.0%
NULL                 0      0       0       0        0.0%
ABS                  0      0     112      69        0.0%
DATA                 0      0     112       3        0.0%
CODE                 0      0       0       0        0.0%


Microchip Technology PIC18 Macro Assembler V2.31 build 20201012212115 
Symbol Table                                                                                   Wed Mar 31 15:18:45 2021

     __size_of_SysTickSetup 0022                          l13 FE04                          l22 FE06  
                        l16 FE18                          l19 FE84                          l52 FEE4  
                        l80 FE2E                          l83 FE62                          l89 FE46  
                        u20 FEF2                          u21 FEEE                         l811 FE4C  
                       l813 FE54                         l821 FEBC                         l807 FE64  
                       l815 FE58                         l831 FECE                         l823 FEBE  
                       l817 FE5E                         l809 FE48                         l833 FED2  
                       l825 FEC2                         l819 FE60                         l771 FE30  
                       l835 FED4                         l827 FEC6                         l765 FE08  
                       l773 FE42                         l837 FED8                         l829 FECA  
                       l839 FEF2                         l769 FE1A                         wreg 0004E8  
                      _LATA 0004BE                        _main FEBC                _SysTickSetup FE64  
                      fsr1h 0004E2                        indf2 0004DF                        fsr1l 0004E1  
                      fsr2l 0004D9                        start FFFC        __size_of_SystemSleep 0002  
              ___param_bank 000000                  _ClockSetup FE04             __end_of_TimeXus FE64  
                     ?_main 050F                       _TMR0H 000319                       _TMR0L 000318  
                     _TRISA 0004C6                       tablat 0004F5             __initialization FE86  
              __end_of_main FEFC                      ??_main 0513               __activetblptr 000000  
                    _ANSELA 000400                      _T0CON0 00031A                      _T0CON1 00031B  
        __size_of_GpioSetup 0012                   ??_TimeXus 0511                 ?_ClockSetup 050F  
                    clear_0 FEB0                      tblptrh 0004F7                      tblptrl 0004F6  
                    tblptru 0004F8                  _UserAppRun FE30                  __accesstop 0560  
   __end_of__initialization FEB6               ___rparam_used 000001            _G_u8UserAppFlags 050E  
            __pcstackCOMRAM 050F                __pidataBANK6 FEFC           __end_of_GpioSetup FE1A  
       __size_of_ClockSetup 0002                     _DAC1CON 00007F                 ?_UserAppRun 050F  
             ??_SystemSleep 050F                     __Hparam 0000                     __Lparam 0000  
                   _TimeXus FE48                     __pcinit FE86                     __ramtop 2600  
                   __ptext0 FEBC                     __ptext1 FE30                     __ptext2 FE1A  
                   __ptext3 FE48                     __ptext4 FE06                     __ptext5 FE64  
                   __ptext6 FE08                     __ptext7 FE04        end_of_initialization FEB6  
          _G_u32SystemFlags 0501                     postdec1 0004E5                     postinc0 0004EE  
       __end_of_SystemSleep FE08                ??_ClockSetup 050F         __size_of_UserAppRun 0018  
        __end_of_ClockSetup FE06                   _GpioSetup FE08         start_initialization FE86  
             ?_SysTickSetup 050F                 _SystemSleep FE06                 __pdataBANK6 0600  
                ?_GpioSetup 050F                 __pbssCOMRAM 0501           _UserAppInitialize FE1A  
              ??_UserAppRun 050F          ?_UserAppInitialize 050F              ??_SysTickSetup 050F  
       ??_UserAppInitialize 050F                    ?_TimeXus 050F          __end_of_UserAppRun FE48  
                  _DAC1DATL 00007D   __end_of_UserAppInitialize FE30           UserAppRun@u8Index 050D  
                  _PIR3bits 0004B1                 ??_GpioSetup 050F                   copy_data0 FE9A  
                  __Hrparam 0000                    __Lrparam 0000            __size_of_TimeXus 001C  
      __end_of_SysTickSetup FE86                  _T0CON0bits 00031A  __size_of_UserAppInitialize 0016  
             __size_of_main 0040                ?_SystemSleep 050F          _G_u32SystemTime1ms 0509  
       TimeXus@u16TimeInput 050F           _G_u32SystemTime1s 0505         _UserApp_au8sinTable 0600  
        TimeXus@u16TimeLeft 0511  
